<?xml version="1.0" encoding="UTF-8"?>
<testsuite xmlns:xsi="http://www.w3.org/2001/XMLSchema-instance" xsi:noNamespaceSchemaLocation="https://maven.apache.org/surefire/maven-surefire-plugin/xsd/surefire-test-report-3.0.xsd" version="3.0" name="sofka.petstore.PetStoreRunner" time="5.136" tests="1" errors="0" skipped="0" failures="1">
  <properties>
[...]
</properties>
  <testcase name="[1:41] Flujo completo - Añadir, Consultar por ID, Actualizar, Consultar por estatus" classname="sofka/petstore/petstore" time="4.313">
    <failure message="match failed: CONTAINS&#10;  $ | actual does not contain expected | actual array does not contain expected item - 794 (LIST:NUMBER)&#10;  [9223372036854775608,9223372036854775638,12084391,1757669599403,5555,1757669774581,1757669830321,1757669916003,303,1757671237489,3580616,1344,2649,2922,1757676178386,3981,922337203685477590,7597,2975,97,126,1347,2393,1757681688892,18,699612136,5287,1757684306606,2105,7489,8305,904443,131844,3857855,1689825,276819,1964,3120,1757689510859,602957,3379,8866,401,1757696967298,1757697089093,1757697337773,12354,12353,12359,56331470,5001,12349,91507602,3708840,1880,1757702654625,24093935,102,9,83382,74408294,156172,98765,16,831435,33377689,177442,62751340,90369791,23327731,76621170,1711982,24364310,24572652,777123,87705905,2022000,82188160,70119872,51338511,71551342,1234,99999,1757713572257,1757713575287,1757713583694,1002,202,1757714287042,36872199,49199499,13,62348053,360,1234567890,135,549,1778576058,962595811,570,1]&#10;  794&#10;&#10;    $[100] | not equal (NUMBER:NUMBER)&#10;    1&#10;    794&#10;&#10;    $[99] | not equal (NUMBER:NUMBER)&#10;    570&#10;    794&#10;&#10;    $[98] | not equal (NUMBER:NUMBER)&#10;    962595811&#10;    794&#10;&#10;    $[97] | not equal (NUMBER:NUMBER)&#10;    1778576058&#10;    794&#10;&#10;    $[96] | not equal (NUMBER:NUMBER)&#10;    549&#10;    794&#10;&#10;    $[95] | not equal (NUMBER:NUMBER)&#10;    135&#10;    794&#10;&#10;    $[94] | not equal (NUMBER:NUMBER)&#10;    1234567890&#10;    794&#10;&#10;    $[93] | not equal (NUMBER:NUMBER)&#10;    360&#10;    794&#10;&#10;    $[92] | not equal (NUMBER:NUMBER)&#10;    62348053&#10;    794&#10;&#10;    $[91] | not equal (NUMBER:NUMBER)&#10;    13&#10;    794&#10;&#10;    $[90] | not equal (NUMBER:NUMBER)&#10;    49199499&#10;    794&#10;&#10;    $[89] | not equal (NUMBER:NUMBER)&#10;    36872199&#10;    794&#10;&#10;    $[88] | not equal (NUMBER:NUMBER)&#10;    1757714287042&#10;    794&#10;&#10;    $[87] | not equal (NUMBER:NUMBER)&#10;    202&#10;    794&#10;&#10;    $[86] | not equal (NUMBER:NUMBER)&#10;    1002&#10;    794&#10;&#10;    $[85] | not equal (NUMBER:NUMBER)&#10;    1757713583694&#10;    794&#10;&#10;    $[84] | not equal (NUMBER:NUMBER)&#10;    1757713575287&#10;    794&#10;&#10;    $[83] | not equal (NUMBER:NUMBER)&#10;    1757713572257&#10;    794&#10;&#10;    $[82] | not equal (NUMBER:NUMBER)&#10;    99999&#10;    794&#10;&#10;    $[81] | not equal (NUMBER:NUMBER)&#10;    1234&#10;    794&#10;&#10;    $[80] | not equal (NUMBER:NUMBER)&#10;    71551342&#10;    794&#10;&#10;    $[79] | not equal (NUMBER:NUMBER)&#10;    51338511&#10;    794&#10;&#10;    $[78] | not equal (NUMBER:NUMBER)&#10;    70119872&#10;    794&#10;&#10;    $[77] | not equal (NUMBER:NUMBER)&#10;    82188160&#10;    794&#10;&#10;    $[76] | not equal (NUMBER:NUMBER)&#10;    2022000&#10;    794&#10;&#10;    $[75] | not equal (NUMBER:NUMBER)&#10;    87705905&#10;    794&#10;&#10;    $[74] | not equal (NUMBER:NUMBER)&#10;    777123&#10;    794&#10;&#10;    $[73] | not equal (NUMBER:NUMBER)&#10;    24572652&#10;    794&#10;&#10;    $[72] | not equal (NUMBER:NUMBER)&#10;    24364310&#10;    794&#10;&#10;    $[71] | not equal (NUMBER:NUMBER)&#10;    1711982&#10;    794&#10;&#10;    $[70] | not equal (NUMBER:NUMBER)&#10;    76621170&#10;    794&#10;&#10;    $[69] | not equal (NUMBER:NUMBER)&#10;    23327731&#10;    794&#10;&#10;    $[68] | not equal (NUMBER:NUMBER)&#10;    90369791&#10;    794&#10;&#10;    $[67] | not equal (NUMBER:NUMBER)&#10;    62751340&#10;    794&#10;&#10;    $[66] | not equal (NUMBER:NUMBER)&#10;    177442&#10;    794&#10;&#10;    $[65] | not equal (NUMBER:NUMBER)&#10;    33377689&#10;    794&#10;&#10;    $[64] | not equal (NUMBER:NUMBER)&#10;    831435&#10;    794&#10;&#10;    $[63] | not equal (NUMBER:NUMBER)&#10;    16&#10;    794&#10;&#10;    $[62] | not equal (NUMBER:NUMBER)&#10;    98765&#10;    794&#10;&#10;    $[61] | not equal (NUMBER:NUMBER)&#10;    156172&#10;    794&#10;&#10;    $[60] | not equal (NUMBER:NUMBER)&#10;    74408294&#10;    794&#10;&#10;    $[59] | not equal (NUMBER:NUMBER)&#10;    83382&#10;    794&#10;&#10;    $[58] | not equal (NUMBER:NUMBER)&#10;    9&#10;    794&#10;&#10;    $[57] | not equal (NUMBER:NUMBER)&#10;    102&#10;    794&#10;&#10;    $[56] | not equal (NUMBER:NUMBER)&#10;    24093935&#10;    794&#10;&#10;    $[55] | not equal (NUMBER:NUMBER)&#10;    1757702654625&#10;    794&#10;&#10;    $[54] | not equal (NUMBER:NUMBER)&#10;    1880&#10;    794&#10;&#10;    $[53] | not equal (NUMBER:NUMBER)&#10;    3708840&#10;    794&#10;&#10;    $[52] | not equal (NUMBER:NUMBER)&#10;    91507602&#10;    794&#10;&#10;    $[51] | not equal (NUMBER:NUMBER)&#10;    12349&#10;    794&#10;&#10;    $[50] | not equal (NUMBER:NUMBER)&#10;    5001&#10;    794&#10;&#10;    $[49] | not equal (NUMBER:NUMBER)&#10;    56331470&#10;    794&#10;&#10;    $[48] | not equal (NUMBER:NUMBER)&#10;    12359&#10;    794&#10;&#10;    $[47] | not equal (NUMBER:NUMBER)&#10;    12353&#10;    794&#10;&#10;    $[46] | not equal (NUMBER:NUMBER)&#10;    12354&#10;    794&#10;&#10;    $[45] | not equal (NUMBER:NUMBER)&#10;    1757697337773&#10;    794&#10;&#10;    $[44] | not equal (NUMBER:NUMBER)&#10;    1757697089093&#10;    794&#10;&#10;    $[43] | not equal (NUMBER:NUMBER)&#10;    1757696967298&#10;    794&#10;&#10;    $[42] | not equal (NUMBER:NUMBER)&#10;    401&#10;    794&#10;&#10;    $[41] | not equal (NUMBER:NUMBER)&#10;    8866&#10;    794&#10;&#10;    $[40] | not equal (NUMBER:NUMBER)&#10;    3379&#10;    794&#10;&#10;    $[39] | not equal (NUMBER:NUMBER)&#10;    602957&#10;    794&#10;&#10;    $[38] | not equal (NUMBER:NUMBER)&#10;    1757689510859&#10;    794&#10;&#10;    $[37] | not equal (NUMBER:NUMBER)&#10;    3120&#10;    794&#10;&#10;    $[36] | not equal (NUMBER:NUMBER)&#10;    1964&#10;    794&#10;&#10;    $[35] | not equal (NUMBER:NUMBER)&#10;    276819&#10;    794&#10;&#10;    $[34] | not equal (NUMBER:NUMBER)&#10;    1689825&#10;    794&#10;&#10;    $[33] | not equal (NUMBER:NUMBER)&#10;    3857855&#10;    794&#10;&#10;    $[32] | not equal (NUMBER:NUMBER)&#10;    131844&#10;    794&#10;&#10;    $[31] | not equal (NUMBER:NUMBER)&#10;    904443&#10;    794&#10;&#10;    $[30] | not equal (NUMBER:NUMBER)&#10;    8305&#10;    794&#10;&#10;    $[29] | not equal (NUMBER:NUMBER)&#10;    7489&#10;    794&#10;&#10;    $[28] | not equal (NUMBER:NUMBER)&#10;    2105&#10;    794&#10;&#10;    $[27] | not equal (NUMBER:NUMBER)&#10;    1757684306606&#10;    794&#10;&#10;    $[26] | not equal (NUMBER:NUMBER)&#10;    5287&#10;    794&#10;&#10;    $[25] | not equal (NUMBER:NUMBER)&#10;    699612136&#10;    794&#10;&#10;    $[24] | not equal (NUMBER:NUMBER)&#10;    18&#10;    794&#10;&#10;    $[23] | not equal (NUMBER:NUMBER)&#10;    1757681688892&#10;    794&#10;&#10;    $[22] | not equal (NUMBER:NUMBER)&#10;    2393&#10;    794&#10;&#10;    $[21] | not equal (NUMBER:NUMBER)&#10;    1347&#10;    794&#10;&#10;    $[20] | not equal (NUMBER:NUMBER)&#10;    126&#10;    794&#10;&#10;    $[19] | not equal (NUMBER:NUMBER)&#10;    97&#10;    794&#10;&#10;    $[18] | not equal (NUMBER:NUMBER)&#10;    2975&#10;    794&#10;&#10;    $[17] | not equal (NUMBER:NUMBER)&#10;    7597&#10;    794&#10;&#10;    $[16] | not equal (NUMBER:NUMBER)&#10;    922337203685477590&#10;    794&#10;&#10;    $[15] | not equal (NUMBER:NUMBER)&#10;    3981&#10;    794&#10;&#10;    $[14] | not equal (NUMBER:NUMBER)&#10;    1757676178386&#10;    794&#10;&#10;    $[13] | not equal (NUMBER:NUMBER)&#10;    2922&#10;    794&#10;&#10;    $[12] | not equal (NUMBER:NUMBER)&#10;    2649&#10;    794&#10;&#10;    $[11] | not equal (NUMBER:NUMBER)&#10;    1344&#10;    794&#10;&#10;    $[10] | not equal (NUMBER:NUMBER)&#10;    3580616&#10;    794&#10;&#10;    $[9] | not equal (NUMBER:NUMBER)&#10;    1757671237489&#10;    794&#10;&#10;    $[8] | not equal (NUMBER:NUMBER)&#10;    303&#10;    794&#10;&#10;    $[7] | not equal (NUMBER:NUMBER)&#10;    1757669916003&#10;    794&#10;&#10;    $[6] | not equal (NUMBER:NUMBER)&#10;    1757669830321&#10;    794&#10;&#10;    $[5] | not equal (NUMBER:NUMBER)&#10;    1757669774581&#10;    794&#10;&#10;    $[4] | not equal (NUMBER:NUMBER)&#10;    5555&#10;    794&#10;&#10;    $[3] | not equal (NUMBER:NUMBER)&#10;    1757669599403&#10;    794&#10;&#10;    $[2] | not equal (NUMBER:NUMBER)&#10;    12084391&#10;    794&#10;&#10;    $[1] | not equal (NUMBER:NUMBER)&#10;    9223372036854775638&#10;    794&#10;&#10;    $[0] | not equal (NUMBER:NUMBER)&#10;    9223372036854775608&#10;    794&#10;&#10;classpath:sofka/petstore/petstore.feature:80" type="org.opentest4j.AssertionFailedError"><![CDATA[org.opentest4j.AssertionFailedError: 
match failed: CONTAINS
  $ | actual does not contain expected | actual array does not contain expected item - 794 (LIST:NUMBER)
  [9223372036854775608,9223372036854775638,12084391,1757669599403,5555,1757669774581,1757669830321,1757669916003,303,1757671237489,3580616,1344,2649,2922,1757676178386,3981,922337203685477590,7597,2975,97,126,1347,2393,1757681688892,18,699612136,5287,1757684306606,2105,7489,8305,904443,131844,3857855,1689825,276819,1964,3120,1757689510859,602957,3379,8866,401,1757696967298,1757697089093,1757697337773,12354,12353,12359,56331470,5001,12349,91507602,3708840,1880,1757702654625,24093935,102,9,83382,74408294,156172,98765,16,831435,33377689,177442,62751340,90369791,23327731,76621170,1711982,24364310,24572652,777123,87705905,2022000,82188160,70119872,51338511,71551342,1234,99999,1757713572257,1757713575287,1757713583694,1002,202,1757714287042,36872199,49199499,13,62348053,360,1234567890,135,549,1778576058,962595811,570,1]
  794

    $[100] | not equal (NUMBER:NUMBER)
    1
    794

    $[99] | not equal (NUMBER:NUMBER)
    570
    794

    $[98] | not equal (NUMBER:NUMBER)
    962595811
    794

    $[97] | not equal (NUMBER:NUMBER)
    1778576058
    794

    $[96] | not equal (NUMBER:NUMBER)
    549
    794

    $[95] | not equal (NUMBER:NUMBER)
    135
    794

    $[94] | not equal (NUMBER:NUMBER)
    1234567890
    794

    $[93] | not equal (NUMBER:NUMBER)
    360
    794

    $[92] | not equal (NUMBER:NUMBER)
    62348053
    794

    $[91] | not equal (NUMBER:NUMBER)
    13
    794

    $[90] | not equal (NUMBER:NUMBER)
    49199499
    794

    $[89] | not equal (NUMBER:NUMBER)
    36872199
    794

    $[88] | not equal (NUMBER:NUMBER)
    1757714287042
    794

    $[87] | not equal (NUMBER:NUMBER)
    202
    794

    $[86] | not equal (NUMBER:NUMBER)
    1002
    794

    $[85] | not equal (NUMBER:NUMBER)
    1757713583694
    794

    $[84] | not equal (NUMBER:NUMBER)
    1757713575287
    794

    $[83] | not equal (NUMBER:NUMBER)
    1757713572257
    794

    $[82] | not equal (NUMBER:NUMBER)
    99999
    794

    $[81] | not equal (NUMBER:NUMBER)
    1234
    794

    $[80] | not equal (NUMBER:NUMBER)
    71551342
    794

    $[79] | not equal (NUMBER:NUMBER)
    51338511
    794

    $[78] | not equal (NUMBER:NUMBER)
    70119872
    794

    $[77] | not equal (NUMBER:NUMBER)
    82188160
    794

    $[76] | not equal (NUMBER:NUMBER)
    2022000
    794

    $[75] | not equal (NUMBER:NUMBER)
    87705905
    794

    $[74] | not equal (NUMBER:NUMBER)
    777123
    794

    $[73] | not equal (NUMBER:NUMBER)
    24572652
    794

    $[72] | not equal (NUMBER:NUMBER)
    24364310
    794

    $[71] | not equal (NUMBER:NUMBER)
    1711982
    794

    $[70] | not equal (NUMBER:NUMBER)
    76621170
    794

    $[69] | not equal (NUMBER:NUMBER)
    23327731
    794

    $[68] | not equal (NUMBER:NUMBER)
    90369791
    794

    $[67] | not equal (NUMBER:NUMBER)
    62751340
    794

    $[66] | not equal (NUMBER:NUMBER)
    177442
    794

    $[65] | not equal (NUMBER:NUMBER)
    33377689
    794

    $[64] | not equal (NUMBER:NUMBER)
    831435
    794

    $[63] | not equal (NUMBER:NUMBER)
    16
    794

    $[62] | not equal (NUMBER:NUMBER)
    98765
    794

    $[61] | not equal (NUMBER:NUMBER)
    156172
    794

    $[60] | not equal (NUMBER:NUMBER)
    74408294
    794

    $[59] | not equal (NUMBER:NUMBER)
    83382
    794

    $[58] | not equal (NUMBER:NUMBER)
    9
    794

    $[57] | not equal (NUMBER:NUMBER)
    102
    794

    $[56] | not equal (NUMBER:NUMBER)
    24093935
    794

    $[55] | not equal (NUMBER:NUMBER)
    1757702654625
    794

    $[54] | not equal (NUMBER:NUMBER)
    1880
    794

    $[53] | not equal (NUMBER:NUMBER)
    3708840
    794

    $[52] | not equal (NUMBER:NUMBER)
    91507602
    794

    $[51] | not equal (NUMBER:NUMBER)
    12349
    794

    $[50] | not equal (NUMBER:NUMBER)
    5001
    794

    $[49] | not equal (NUMBER:NUMBER)
    56331470
    794

    $[48] | not equal (NUMBER:NUMBER)
    12359
    794

    $[47] | not equal (NUMBER:NUMBER)
    12353
    794

    $[46] | not equal (NUMBER:NUMBER)
    12354
    794

    $[45] | not equal (NUMBER:NUMBER)
    1757697337773
    794

    $[44] | not equal (NUMBER:NUMBER)
    1757697089093
    794

    $[43] | not equal (NUMBER:NUMBER)
    1757696967298
    794

    $[42] | not equal (NUMBER:NUMBER)
    401
    794

    $[41] | not equal (NUMBER:NUMBER)
    8866
    794

    $[40] | not equal (NUMBER:NUMBER)
    3379
    794

    $[39] | not equal (NUMBER:NUMBER)
    602957
    794

    $[38] | not equal (NUMBER:NUMBER)
    1757689510859
    794

    $[37] | not equal (NUMBER:NUMBER)
    3120
    794

    $[36] | not equal (NUMBER:NUMBER)
    1964
    794

    $[35] | not equal (NUMBER:NUMBER)
    276819
    794

    $[34] | not equal (NUMBER:NUMBER)
    1689825
    794

    $[33] | not equal (NUMBER:NUMBER)
    3857855
    794

    $[32] | not equal (NUMBER:NUMBER)
    131844
    794

    $[31] | not equal (NUMBER:NUMBER)
    904443
    794

    $[30] | not equal (NUMBER:NUMBER)
    8305
    794

    $[29] | not equal (NUMBER:NUMBER)
    7489
    794

    $[28] | not equal (NUMBER:NUMBER)
    2105
    794

    $[27] | not equal (NUMBER:NUMBER)
    1757684306606
    794

    $[26] | not equal (NUMBER:NUMBER)
    5287
    794

    $[25] | not equal (NUMBER:NUMBER)
    699612136
    794

    $[24] | not equal (NUMBER:NUMBER)
    18
    794

    $[23] | not equal (NUMBER:NUMBER)
    1757681688892
    794

    $[22] | not equal (NUMBER:NUMBER)
    2393
    794

    $[21] | not equal (NUMBER:NUMBER)
    1347
    794

    $[20] | not equal (NUMBER:NUMBER)
    126
    794

    $[19] | not equal (NUMBER:NUMBER)
    97
    794

    $[18] | not equal (NUMBER:NUMBER)
    2975
    794

    $[17] | not equal (NUMBER:NUMBER)
    7597
    794

    $[16] | not equal (NUMBER:NUMBER)
    922337203685477590
    794

    $[15] | not equal (NUMBER:NUMBER)
    3981
    794

    $[14] | not equal (NUMBER:NUMBER)
    1757676178386
    794

    $[13] | not equal (NUMBER:NUMBER)
    2922
    794

    $[12] | not equal (NUMBER:NUMBER)
    2649
    794

    $[11] | not equal (NUMBER:NUMBER)
    1344
    794

    $[10] | not equal (NUMBER:NUMBER)
    3580616
    794

    $[9] | not equal (NUMBER:NUMBER)
    1757671237489
    794

    $[8] | not equal (NUMBER:NUMBER)
    303
    794

    $[7] | not equal (NUMBER:NUMBER)
    1757669916003
    794

    $[6] | not equal (NUMBER:NUMBER)
    1757669830321
    794

    $[5] | not equal (NUMBER:NUMBER)
    1757669774581
    794

    $[4] | not equal (NUMBER:NUMBER)
    5555
    794

    $[3] | not equal (NUMBER:NUMBER)
    1757669599403
    794

    $[2] | not equal (NUMBER:NUMBER)
    12084391
    794

    $[1] | not equal (NUMBER:NUMBER)
    9223372036854775638
    794

    $[0] | not equal (NUMBER:NUMBER)
    9223372036854775608
    794

classpath:sofka/petstore/petstore.feature:80
	at org.junit.jupiter.api.AssertionUtils.fail(AssertionUtils.java:38)
	at org.junit.jupiter.api.Assertions.fail(Assertions.java:135)
	at com.intuit.karate.junit5.FeatureNode.lambda$next$1(FeatureNode.java:86)
	at org.junit.jupiter.engine.descriptor.DynamicTestTestDescriptor.lambda$execute$0(DynamicTestTestDescriptor.java:53)
	at org.junit.jupiter.engine.execution.InvocationInterceptorChain$ValidatingInvocation.proceed(InvocationInterceptorChain.java:131)
	at org.junit.jupiter.api.extension.InvocationInterceptor.interceptDynamicTest(InvocationInterceptor.java:167)
	at org.junit.jupiter.api.extension.InvocationInterceptor.interceptDynamicTest(InvocationInterceptor.java:184)
	at org.junit.jupiter.engine.descriptor.DynamicTestTestDescriptor.lambda$execute$1(DynamicTestTestDescriptor.java:61)
	at org.junit.jupiter.engine.execution.InvocationInterceptorChain$InterceptorCall.lambda$ofVoid$0(InvocationInterceptorChain.java:78)
	at org.junit.jupiter.engine.execution.InvocationInterceptorChain$InterceptedInvocation.proceed(InvocationInterceptorChain.java:106)
	at org.junit.jupiter.engine.execution.InvocationInterceptorChain.proceed(InvocationInterceptorChain.java:64)
	at org.junit.jupiter.engine.execution.InvocationInterceptorChain.chainAndInvoke(InvocationInterceptorChain.java:45)
	at org.junit.jupiter.engine.execution.InvocationInterceptorChain.invoke(InvocationInterceptorChain.java:37)
	at org.junit.jupiter.engine.descriptor.DynamicTestTestDescriptor.execute(DynamicTestTestDescriptor.java:60)
	at org.junit.jupiter.engine.descriptor.DynamicTestTestDescriptor.execute(DynamicTestTestDescriptor.java:32)
	at org.junit.platform.engine.support.hierarchical.NodeTestTask.lambda$executeRecursively$6(NodeTestTask.java:151)
	at org.junit.platform.engine.support.hierarchical.ThrowableCollector.execute(ThrowableCollector.java:73)
	at org.junit.platform.engine.support.hierarchical.NodeTestTask.lambda$executeRecursively$8(NodeTestTask.java:141)
	at org.junit.platform.engine.support.hierarchical.Node.around(Node.java:137)
	at org.junit.platform.engine.support.hierarchical.NodeTestTask.lambda$executeRecursively$9(NodeTestTask.java:139)
	at org.junit.platform.engine.support.hierarchical.ThrowableCollector.execute(ThrowableCollector.java:73)
	at org.junit.platform.engine.support.hierarchical.NodeTestTask.executeRecursively(NodeTestTask.java:138)
	at org.junit.platform.engine.support.hierarchical.NodeTestTask.execute(NodeTestTask.java:95)
	at org.junit.platform.engine.support.hierarchical.SameThreadHierarchicalTestExecutorService.submit(SameThreadHierarchicalTestExecutorService.java:35)
	at org.junit.platform.engine.support.hierarchical.NodeTestTask$DefaultDynamicTestExecutor.execute(NodeTestTask.java:226)
	at org.junit.platform.engine.support.hierarchical.NodeTestTask$DefaultDynamicTestExecutor.execute(NodeTestTask.java:204)
	at java.base/java.util.stream.ForEachOps$ForEachOp$OfRef.accept(ForEachOps.java:183)
	at java.base/java.util.stream.ReferencePipeline$3$1.accept(ReferencePipeline.java:197)
	at java.base/java.util.stream.ReferencePipeline$2$1.accept(ReferencePipeline.java:179)
	at java.base/java.util.stream.ReferencePipeline$3$1.accept(ReferencePipeline.java:197)
	at java.base/java.util.Iterator.forEachRemaining(Iterator.java:133)
	at java.base/java.util.Spliterators$IteratorSpliterator.forEachRemaining(Spliterators.java:1845)
	at java.base/java.util.stream.AbstractPipeline.copyInto(AbstractPipeline.java:509)
	at java.base/java.util.stream.AbstractPipeline.wrapAndCopyInto(AbstractPipeline.java:499)
	at java.base/java.util.stream.ForEachOps$ForEachOp.evaluateSequential(ForEachOps.java:150)
	at java.base/java.util.stream.ForEachOps$ForEachOp$OfRef.evaluateSequential(ForEachOps.java:173)
	at java.base/java.util.stream.AbstractPipeline.evaluate(AbstractPipeline.java:234)
	at java.base/java.util.stream.ReferencePipeline.forEachOrdered(ReferencePipeline.java:601)
	at org.junit.jupiter.engine.descriptor.DynamicContainerTestDescriptor.execute(DynamicContainerTestDescriptor.java:67)
	at org.junit.jupiter.engine.descriptor.DynamicContainerTestDescriptor.execute(DynamicContainerTestDescriptor.java:33)
	at org.junit.platform.engine.support.hierarchical.NodeTestTask.lambda$executeRecursively$6(NodeTestTask.java:151)
	at org.junit.platform.engine.support.hierarchical.ThrowableCollector.execute(ThrowableCollector.java:73)
	at org.junit.platform.engine.support.hierarchical.NodeTestTask.lambda$executeRecursively$8(NodeTestTask.java:141)
	at org.junit.platform.engine.support.hierarchical.Node.around(Node.java:137)
	at org.junit.platform.engine.support.hierarchical.NodeTestTask.lambda$executeRecursively$9(NodeTestTask.java:139)
	at org.junit.platform.engine.support.hierarchical.ThrowableCollector.execute(ThrowableCollector.java:73)
	at org.junit.platform.engine.support.hierarchical.NodeTestTask.executeRecursively(NodeTestTask.java:138)
	at org.junit.platform.engine.support.hierarchical.NodeTestTask.execute(NodeTestTask.java:95)
	at org.junit.platform.engine.support.hierarchical.SameThreadHierarchicalTestExecutorService.submit(SameThreadHierarchicalTestExecutorService.java:35)
	at org.junit.platform.engine.support.hierarchical.NodeTestTask$DefaultDynamicTestExecutor.execute(NodeTestTask.java:226)
	at org.junit.platform.engine.support.hierarchical.NodeTestTask$DefaultDynamicTestExecutor.execute(NodeTestTask.java:204)
	at java.base/java.util.Optional.ifPresent(Optional.java:178)
	at org.junit.jupiter.engine.descriptor.TestFactoryTestDescriptor.lambda$invokeTestMethod$1(TestFactoryTestDescriptor.java:108)
	at org.junit.platform.engine.support.hierarchical.ThrowableCollector.execute(ThrowableCollector.java:73)
	at org.junit.jupiter.engine.descriptor.TestFactoryTestDescriptor.invokeTestMethod(TestFactoryTestDescriptor.java:95)
	at org.junit.jupiter.engine.descriptor.TestMethodTestDescriptor.execute(TestMethodTestDescriptor.java:138)
	at org.junit.jupiter.engine.descriptor.TestMethodTestDescriptor.execute(TestMethodTestDescriptor.java:68)
	at org.junit.platform.engine.support.hierarchical.NodeTestTask.lambda$executeRecursively$6(NodeTestTask.java:151)
	at org.junit.platform.engine.support.hierarchical.ThrowableCollector.execute(ThrowableCollector.java:73)
	at org.junit.platform.engine.support.hierarchical.NodeTestTask.lambda$executeRecursively$8(NodeTestTask.java:141)
	at org.junit.platform.engine.support.hierarchical.Node.around(Node.java:137)
	at org.junit.platform.engine.support.hierarchical.NodeTestTask.lambda$executeRecursively$9(NodeTestTask.java:139)
	at org.junit.platform.engine.support.hierarchical.ThrowableCollector.execute(ThrowableCollector.java:73)
	at org.junit.platform.engine.support.hierarchical.NodeTestTask.executeRecursively(NodeTestTask.java:138)
	at org.junit.platform.engine.support.hierarchical.NodeTestTask.execute(NodeTestTask.java:95)
	at java.base/java.util.ArrayList.forEach(ArrayList.java:1511)
	at org.junit.platform.engine.support.hierarchical.SameThreadHierarchicalTestExecutorService.invokeAll(SameThreadHierarchicalTestExecutorService.java:41)
	at org.junit.platform.engine.support.hierarchical.NodeTestTask.lambda$executeRecursively$6(NodeTestTask.java:155)
	at org.junit.platform.engine.support.hierarchical.ThrowableCollector.execute(ThrowableCollector.java:73)
	at org.junit.platform.engine.support.hierarchical.NodeTestTask.lambda$executeRecursively$8(NodeTestTask.java:141)
	at org.junit.platform.engine.support.hierarchical.Node.around(Node.java:137)
	at org.junit.platform.engine.support.hierarchical.NodeTestTask.lambda$executeRecursively$9(NodeTestTask.java:139)
	at org.junit.platform.engine.support.hierarchical.ThrowableCollector.execute(ThrowableCollector.java:73)
	at org.junit.platform.engine.support.hierarchical.NodeTestTask.executeRecursively(NodeTestTask.java:138)
	at org.junit.platform.engine.support.hierarchical.NodeTestTask.execute(NodeTestTask.java:95)
	at java.base/java.util.ArrayList.forEach(ArrayList.java:1511)
	at org.junit.platform.engine.support.hierarchical.SameThreadHierarchicalTestExecutorService.invokeAll(SameThreadHierarchicalTestExecutorService.java:41)
	at org.junit.platform.engine.support.hierarchical.NodeTestTask.lambda$executeRecursively$6(NodeTestTask.java:155)
	at org.junit.platform.engine.support.hierarchical.ThrowableCollector.execute(ThrowableCollector.java:73)
	at org.junit.platform.engine.support.hierarchical.NodeTestTask.lambda$executeRecursively$8(NodeTestTask.java:141)
	at org.junit.platform.engine.support.hierarchical.Node.around(Node.java:137)
	at org.junit.platform.engine.support.hierarchical.NodeTestTask.lambda$executeRecursively$9(NodeTestTask.java:139)
	at org.junit.platform.engine.support.hierarchical.ThrowableCollector.execute(ThrowableCollector.java:73)
	at org.junit.platform.engine.support.hierarchical.NodeTestTask.executeRecursively(NodeTestTask.java:138)
	at org.junit.platform.engine.support.hierarchical.NodeTestTask.execute(NodeTestTask.java:95)
	at org.junit.platform.engine.support.hierarchical.SameThreadHierarchicalTestExecutorService.submit(SameThreadHierarchicalTestExecutorService.java:35)
	at org.junit.platform.engine.support.hierarchical.HierarchicalTestExecutor.execute(HierarchicalTestExecutor.java:57)
	at org.junit.platform.engine.support.hierarchical.HierarchicalTestEngine.execute(HierarchicalTestEngine.java:54)
	at org.junit.platform.launcher.core.EngineExecutionOrchestrator.execute(EngineExecutionOrchestrator.java:147)
	at org.junit.platform.launcher.core.EngineExecutionOrchestrator.execute(EngineExecutionOrchestrator.java:127)
	at org.junit.platform.launcher.core.EngineExecutionOrchestrator.execute(EngineExecutionOrchestrator.java:90)
	at org.junit.platform.launcher.core.EngineExecutionOrchestrator.lambda$execute$0(EngineExecutionOrchestrator.java:55)
	at org.junit.platform.launcher.core.EngineExecutionOrchestrator.withInterceptedStreams(EngineExecutionOrchestrator.java:102)
	at org.junit.platform.launcher.core.EngineExecutionOrchestrator.execute(EngineExecutionOrchestrator.java:54)
	at org.junit.platform.launcher.core.DefaultLauncher.execute(DefaultLauncher.java:114)
	at org.junit.platform.launcher.core.DefaultLauncher.execute(DefaultLauncher.java:86)
	at org.junit.platform.launcher.core.DefaultLauncherSession$DelegatingLauncher.execute(DefaultLauncherSession.java:86)
	at org.apache.maven.surefire.junitplatform.LazyLauncher.execute(LazyLauncher.java:56)
	at org.apache.maven.surefire.junitplatform.JUnitPlatformProvider.execute(JUnitPlatformProvider.java:184)
	at org.apache.maven.surefire.junitplatform.JUnitPlatformProvider.invokeAllTests(JUnitPlatformProvider.java:148)
	at org.apache.maven.surefire.junitplatform.JUnitPlatformProvider.invoke(JUnitPlatformProvider.java:122)
	at org.apache.maven.surefire.booter.ForkedBooter.runSuitesInProcess(ForkedBooter.java:385)
	at org.apache.maven.surefire.booter.ForkedBooter.execute(ForkedBooter.java:162)
	at org.apache.maven.surefire.booter.ForkedBooter.run(ForkedBooter.java:507)
	at org.apache.maven.surefire.booter.ForkedBooter.main(ForkedBooter.java:495)
]]></failure>
    <system-out><![CDATA[17:42:46.820 [main] DEBUG com.intuit.karate.Suite -- [config] classpath:karate-config.js
17:42:47.783 [main] DEBUG com.intuit.karate.core.ScenarioEngine -- over-writing existing variable 'baseUrl' with new value: karate.get('baseUrl')
17:42:47.793 [main] INFO com.intuit.karate -- [print] petId: 794 
17:42:47.828 [main] DEBUG com.jayway.jsonpath.internal.path.CompiledPath -- Evaluating path: $
17:42:47.832 [main] DEBUG com.jayway.jsonpath.internal.path.CompiledPath -- Evaluating path: $
17:42:47.857 [main] DEBUG io.netty.util.internal.logging.InternalLoggerFactory -- Using SLF4J as the default logging framework
17:42:47.858 [main] DEBUG io.netty.util.internal.PlatformDependent0 -- -Dio.netty.noUnsafe: false
17:42:47.858 [main] DEBUG io.netty.util.internal.PlatformDependent0 -- Java version: 17
17:42:47.859 [main] DEBUG io.netty.util.internal.PlatformDependent0 -- sun.misc.Unsafe.theUnsafe: available
17:42:47.859 [main] DEBUG io.netty.util.internal.PlatformDependent0 -- sun.misc.Unsafe.copyMemory: available
17:42:47.859 [main] DEBUG io.netty.util.internal.PlatformDependent0 -- sun.misc.Unsafe.storeFence: available
17:42:47.860 [main] DEBUG io.netty.util.internal.PlatformDependent0 -- java.nio.Buffer.address: available
17:42:47.860 [main] DEBUG io.netty.util.internal.PlatformDependent0 -- direct buffer constructor: unavailable: Reflective setAccessible(true) disabled
17:42:47.860 [main] DEBUG io.netty.util.internal.PlatformDependent0 -- java.nio.Bits.unaligned: available, true
17:42:47.861 [main] DEBUG io.netty.util.internal.PlatformDependent0 -- jdk.internal.misc.Unsafe.allocateUninitializedArray(int): unavailable: class io.netty.util.internal.PlatformDependent0$7 cannot access class jdk.internal.misc.Unsafe (in module java.base) because module java.base does not export jdk.internal.misc to unnamed module @376b4233
17:42:47.862 [main] DEBUG io.netty.util.internal.PlatformDependent0 -- java.nio.DirectByteBuffer.<init>(long, {int,long}): unavailable
17:42:47.862 [main] DEBUG io.netty.util.internal.PlatformDependent -- sun.misc.Unsafe: available
17:42:47.863 [main] DEBUG io.netty.util.internal.PlatformDependent -- maxDirectMemory: 8510242816 bytes (maybe)
17:42:47.863 [main] DEBUG io.netty.util.internal.PlatformDependent -- -Dio.netty.tmpdir: C:\Users\User\AppData\Local\Temp (java.io.tmpdir)
17:42:47.863 [main] DEBUG io.netty.util.internal.PlatformDependent -- -Dio.netty.bitMode: 64 (sun.arch.data.model)
17:42:47.863 [main] DEBUG io.netty.util.internal.PlatformDependent -- Platform: Windows
17:42:47.864 [main] DEBUG io.netty.util.internal.PlatformDependent -- -Dio.netty.maxDirectMemory: -1 bytes
17:42:47.864 [main] DEBUG io.netty.util.internal.PlatformDependent -- -Dio.netty.uninitializedArrayAllocationThreshold: -1
17:42:47.865 [main] DEBUG io.netty.util.internal.CleanerJava9 -- java.nio.ByteBuffer.cleaner(): available
17:42:47.865 [main] DEBUG io.netty.util.internal.PlatformDependent -- -Dio.netty.noPreferDirect: false
17:42:48.112 [main] DEBUG org.apache.http.client.protocol.RequestAddCookies -- CookieSpec selected: karate
17:42:48.121 [main] DEBUG org.apache.http.client.protocol.RequestAuthCache -- Auth cache not set in the context
17:42:48.123 [main] DEBUG com.intuit.karate -- request:
1 > POST https://petstore.swagger.io/v2/pet
1 > Accept: application/json
1 > Content-Type: application/json; charset=UTF-8
1 > Content-Length: 164
1 > Host: petstore.swagger.io
1 > Connection: Keep-Alive
1 > User-Agent: Apache-HttpClient/4.5.14 (Java/17.0.12)
1 > Accept-Encoding: gzip,deflate
{"id":794,"category":{"id":1,"name":"dog"},"name":"firulaisx-794","photoUrls":["https:\/\/img.example\/dog.png"],"tags":[{"id":1,"name":"qa"}],"status":"available"}

17:42:48.125 [main] DEBUG org.apache.http.impl.conn.PoolingHttpClientConnectionManager -- Connection request: [route: {s}->https://petstore.swagger.io:443][total available: 0; route allocated: 0 of 5; total allocated: 0 of 10]
17:42:48.131 [main] DEBUG org.apache.http.impl.conn.PoolingHttpClientConnectionManager -- Connection leased: [id: 0][route: {s}->https://petstore.swagger.io:443][total available: 0; route allocated: 1 of 5; total allocated: 1 of 10]
17:42:48.133 [main] DEBUG org.apache.http.impl.execchain.MainClientExec -- Opening connection {s}->https://petstore.swagger.io:443
17:42:48.285 [main] DEBUG org.apache.http.impl.conn.DefaultHttpClientConnectionOperator -- Connecting to petstore.swagger.io/34.196.107.166:443
17:42:48.285 [main] DEBUG org.apache.http.conn.ssl.SSLConnectionSocketFactory -- Connecting socket to petstore.swagger.io/34.196.107.166:443 with timeout 15000
17:42:48.414 [main] DEBUG org.apache.http.conn.ssl.SSLConnectionSocketFactory -- Enabled protocols: [TLSv1.3, TLSv1.2]
17:42:48.414 [main] DEBUG org.apache.http.conn.ssl.SSLConnectionSocketFactory -- Enabled cipher suites:[TLS_AES_256_GCM_SHA384, TLS_AES_128_GCM_SHA256, TLS_CHACHA20_POLY1305_SHA256, TLS_ECDHE_ECDSA_WITH_AES_256_GCM_SHA384, TLS_ECDHE_ECDSA_WITH_AES_128_GCM_SHA256, TLS_ECDHE_ECDSA_WITH_CHACHA20_POLY1305_SHA256, TLS_ECDHE_RSA_WITH_AES_256_GCM_SHA384, TLS_ECDHE_RSA_WITH_CHACHA20_POLY1305_SHA256, TLS_ECDHE_RSA_WITH_AES_128_GCM_SHA256, TLS_DHE_RSA_WITH_AES_256_GCM_SHA384, TLS_DHE_RSA_WITH_CHACHA20_POLY1305_SHA256, TLS_DHE_DSS_WITH_AES_256_GCM_SHA384, TLS_DHE_RSA_WITH_AES_128_GCM_SHA256, TLS_DHE_DSS_WITH_AES_128_GCM_SHA256, TLS_ECDHE_ECDSA_WITH_AES_256_CBC_SHA384, TLS_ECDHE_RSA_WITH_AES_256_CBC_SHA384, TLS_ECDHE_ECDSA_WITH_AES_128_CBC_SHA256, TLS_ECDHE_RSA_WITH_AES_128_CBC_SHA256, TLS_DHE_RSA_WITH_AES_256_CBC_SHA256, TLS_DHE_DSS_WITH_AES_256_CBC_SHA256, TLS_DHE_RSA_WITH_AES_128_CBC_SHA256, TLS_DHE_DSS_WITH_AES_128_CBC_SHA256, TLS_ECDH_ECDSA_WITH_AES_256_GCM_SHA384, TLS_ECDH_RSA_WITH_AES_256_GCM_SHA384, TLS_ECDH_ECDSA_WITH_AES_128_GCM_SHA256, TLS_ECDH_RSA_WITH_AES_128_GCM_SHA256, TLS_ECDH_ECDSA_WITH_AES_256_CBC_SHA384, TLS_ECDH_RSA_WITH_AES_256_CBC_SHA384, TLS_ECDH_ECDSA_WITH_AES_128_CBC_SHA256, TLS_ECDH_RSA_WITH_AES_128_CBC_SHA256, TLS_ECDHE_ECDSA_WITH_AES_256_CBC_SHA, TLS_ECDHE_RSA_WITH_AES_256_CBC_SHA, TLS_ECDHE_ECDSA_WITH_AES_128_CBC_SHA, TLS_ECDHE_RSA_WITH_AES_128_CBC_SHA, TLS_DHE_RSA_WITH_AES_256_CBC_SHA, TLS_DHE_DSS_WITH_AES_256_CBC_SHA, TLS_DHE_RSA_WITH_AES_128_CBC_SHA, TLS_DHE_DSS_WITH_AES_128_CBC_SHA, TLS_ECDH_ECDSA_WITH_AES_256_CBC_SHA, TLS_ECDH_RSA_WITH_AES_256_CBC_SHA, TLS_ECDH_ECDSA_WITH_AES_128_CBC_SHA, TLS_ECDH_RSA_WITH_AES_128_CBC_SHA, TLS_RSA_WITH_AES_256_GCM_SHA384, TLS_RSA_WITH_AES_128_GCM_SHA256, TLS_RSA_WITH_AES_256_CBC_SHA256, TLS_RSA_WITH_AES_128_CBC_SHA256, TLS_RSA_WITH_AES_256_CBC_SHA, TLS_RSA_WITH_AES_128_CBC_SHA, TLS_EMPTY_RENEGOTIATION_INFO_SCSV]
17:42:48.414 [main] DEBUG org.apache.http.conn.ssl.SSLConnectionSocketFactory -- Starting handshake
17:42:48.696 [main] DEBUG org.apache.http.conn.ssl.SSLConnectionSocketFactory -- Secure session established
17:42:48.697 [main] DEBUG org.apache.http.conn.ssl.SSLConnectionSocketFactory --  negotiated protocol: TLSv1.2
17:42:48.697 [main] DEBUG org.apache.http.conn.ssl.SSLConnectionSocketFactory --  negotiated cipher suite: TLS_ECDHE_RSA_WITH_AES_128_GCM_SHA256
17:42:48.697 [main] DEBUG org.apache.http.conn.ssl.SSLConnectionSocketFactory --  peer principal: CN=*.swagger.io
17:42:48.697 [main] DEBUG org.apache.http.conn.ssl.SSLConnectionSocketFactory --  peer alternative names: [*.swagger.io]
17:42:48.698 [main] DEBUG org.apache.http.conn.ssl.SSLConnectionSocketFactory --  issuer principal: CN=Amazon RSA 2048 M02, O=Amazon, C=US
17:42:48.703 [main] DEBUG org.apache.http.impl.conn.DefaultHttpClientConnectionOperator -- Connection established 192.168.1.6:65349<->34.196.107.166:443
17:42:48.703 [main] DEBUG org.apache.http.impl.conn.DefaultManagedHttpClientConnection -- http-outgoing-0: set socket timeout to 15000
17:42:48.703 [main] DEBUG org.apache.http.impl.execchain.MainClientExec -- Executing request POST /v2/pet HTTP/1.1
17:42:48.703 [main] DEBUG org.apache.http.impl.execchain.MainClientExec -- Target auth state: UNCHALLENGED
17:42:48.704 [main] DEBUG org.apache.http.impl.execchain.MainClientExec -- Proxy auth state: UNCHALLENGED
17:42:48.705 [main] DEBUG org.apache.http.headers -- http-outgoing-0 >> POST /v2/pet HTTP/1.1
17:42:48.705 [main] DEBUG org.apache.http.headers -- http-outgoing-0 >> Accept: application/json
17:42:48.705 [main] DEBUG org.apache.http.headers -- http-outgoing-0 >> Content-Type: application/json; charset=UTF-8
17:42:48.705 [main] DEBUG org.apache.http.headers -- http-outgoing-0 >> Content-Length: 164
17:42:48.705 [main] DEBUG org.apache.http.headers -- http-outgoing-0 >> Host: petstore.swagger.io
17:42:48.705 [main] DEBUG org.apache.http.headers -- http-outgoing-0 >> Connection: Keep-Alive
17:42:48.705 [main] DEBUG org.apache.http.headers -- http-outgoing-0 >> User-Agent: Apache-HttpClient/4.5.14 (Java/17.0.12)
17:42:48.705 [main] DEBUG org.apache.http.headers -- http-outgoing-0 >> Accept-Encoding: gzip,deflate
17:42:48.705 [main] DEBUG org.apache.http.wire -- http-outgoing-0 >> "POST /v2/pet HTTP/1.1[\r][\n]"
17:42:48.705 [main] DEBUG org.apache.http.wire -- http-outgoing-0 >> "Accept: application/json[\r][\n]"
17:42:48.705 [main] DEBUG org.apache.http.wire -- http-outgoing-0 >> "Content-Type: application/json; charset=UTF-8[\r][\n]"
17:42:48.705 [main] DEBUG org.apache.http.wire -- http-outgoing-0 >> "Content-Length: 164[\r][\n]"
17:42:48.705 [main] DEBUG org.apache.http.wire -- http-outgoing-0 >> "Host: petstore.swagger.io[\r][\n]"
17:42:48.705 [main] DEBUG org.apache.http.wire -- http-outgoing-0 >> "Connection: Keep-Alive[\r][\n]"
17:42:48.705 [main] DEBUG org.apache.http.wire -- http-outgoing-0 >> "User-Agent: Apache-HttpClient/4.5.14 (Java/17.0.12)[\r][\n]"
17:42:48.705 [main] DEBUG org.apache.http.wire -- http-outgoing-0 >> "Accept-Encoding: gzip,deflate[\r][\n]"
17:42:48.705 [main] DEBUG org.apache.http.wire -- http-outgoing-0 >> "[\r][\n]"
17:42:48.705 [main] DEBUG org.apache.http.wire -- http-outgoing-0 >> "{"id":794,"category":{"id":1,"name":"dog"},"name":"firulaisx-794","photoUrls":["https:\/\/img.example\/dog.png"],"tags":[{"id":1,"name":"qa"}],"status":"available"}"
17:42:48.797 [main] DEBUG org.apache.http.wire -- http-outgoing-0 << "HTTP/1.1 200 OK[\r][\n]"
17:42:48.797 [main] DEBUG org.apache.http.wire -- http-outgoing-0 << "Date: Fri, 12 Sep 2025 22:42:48 GMT[\r][\n]"
17:42:48.797 [main] DEBUG org.apache.http.wire -- http-outgoing-0 << "Content-Type: application/json[\r][\n]"
17:42:48.797 [main] DEBUG org.apache.http.wire -- http-outgoing-0 << "Transfer-Encoding: chunked[\r][\n]"
17:42:48.797 [main] DEBUG org.apache.http.wire -- http-outgoing-0 << "Connection: keep-alive[\r][\n]"
17:42:48.797 [main] DEBUG org.apache.http.wire -- http-outgoing-0 << "Access-Control-Allow-Origin: *[\r][\n]"
17:42:48.797 [main] DEBUG org.apache.http.wire -- http-outgoing-0 << "Access-Control-Allow-Methods: GET, POST, DELETE, PUT[\r][\n]"
17:42:48.797 [main] DEBUG org.apache.http.wire -- http-outgoing-0 << "Access-Control-Allow-Headers: Content-Type, api_key, Authorization[\r][\n]"
17:42:48.797 [main] DEBUG org.apache.http.wire -- http-outgoing-0 << "Server: Jetty(9.2.9.v20150224)[\r][\n]"
17:42:48.797 [main] DEBUG org.apache.http.wire -- http-outgoing-0 << "[\r][\n]"
17:42:48.797 [main] DEBUG org.apache.http.wire -- http-outgoing-0 << "a1[\r][\n]"
17:42:48.797 [main] DEBUG org.apache.http.wire -- http-outgoing-0 << "{"id":794,"category":{"id":1,"name":"dog"},"name":"firulaisx-794","photoUrls":["https://img.example/dog.png"],"tags":[{"id":1,"name":"qa"}],"status":"available"}[\r][\n]"
17:42:48.799 [main] DEBUG org.apache.http.headers -- http-outgoing-0 << HTTP/1.1 200 OK
17:42:48.799 [main] DEBUG org.apache.http.headers -- http-outgoing-0 << Date: Fri, 12 Sep 2025 22:42:48 GMT
17:42:48.799 [main] DEBUG org.apache.http.headers -- http-outgoing-0 << Content-Type: application/json
17:42:48.799 [main] DEBUG org.apache.http.headers -- http-outgoing-0 << Transfer-Encoding: chunked
17:42:48.799 [main] DEBUG org.apache.http.headers -- http-outgoing-0 << Connection: keep-alive
17:42:48.799 [main] DEBUG org.apache.http.headers -- http-outgoing-0 << Access-Control-Allow-Origin: *
17:42:48.799 [main] DEBUG org.apache.http.headers -- http-outgoing-0 << Access-Control-Allow-Methods: GET, POST, DELETE, PUT
17:42:48.799 [main] DEBUG org.apache.http.headers -- http-outgoing-0 << Access-Control-Allow-Headers: Content-Type, api_key, Authorization
17:42:48.799 [main] DEBUG org.apache.http.headers -- http-outgoing-0 << Server: Jetty(9.2.9.v20150224)
17:42:48.802 [main] DEBUG org.apache.http.impl.execchain.MainClientExec -- Connection can be kept alive indefinitely
17:42:48.803 [main] DEBUG org.apache.http.wire -- http-outgoing-0 << "0[\r][\n]"
17:42:48.804 [main] DEBUG org.apache.http.wire -- http-outgoing-0 << "[\r][\n]"
17:42:48.804 [main] DEBUG org.apache.http.impl.conn.PoolingHttpClientConnectionManager -- Connection [id: 0][route: {s}->https://petstore.swagger.io:443] can be kept alive indefinitely
17:42:48.804 [main] DEBUG org.apache.http.impl.conn.DefaultManagedHttpClientConnection -- http-outgoing-0: set socket timeout to 0
17:42:48.804 [main] DEBUG org.apache.http.impl.conn.PoolingHttpClientConnectionManager -- Connection released: [id: 0][route: {s}->https://petstore.swagger.io:443][total available: 1; route allocated: 1 of 5; total allocated: 1 of 10]
17:42:48.804 [main] DEBUG org.apache.http.impl.conn.PoolingHttpClientConnectionManager -- Connection manager is shutting down
17:42:48.805 [main] DEBUG org.apache.http.impl.conn.DefaultManagedHttpClientConnection -- http-outgoing-0: Close connection
17:42:48.806 [main] DEBUG org.apache.http.impl.conn.PoolingHttpClientConnectionManager -- Connection manager shut down
17:42:48.808 [main] DEBUG com.intuit.karate -- response time in milliseconds: 681
1 < 200
1 < Date: Fri, 12 Sep 2025 22:42:48 GMT
1 < Content-Type: application/json
1 < Transfer-Encoding: chunked
1 < Connection: keep-alive
1 < Access-Control-Allow-Origin: *
1 < Access-Control-Allow-Methods: GET, POST, DELETE, PUT
1 < Access-Control-Allow-Headers: Content-Type, api_key, Authorization
1 < Server: Jetty(9.2.9.v20150224)
{"id":794,"category":{"id":1,"name":"dog"},"name":"firulaisx-794","photoUrls":["https://img.example/dog.png"],"tags":[{"id":1,"name":"qa"}],"status":"available"}

17:42:48.815 [main] DEBUG com.jayway.jsonpath.internal.path.CompiledPath -- Evaluating path: $['id']
17:42:48.820 [main] DEBUG com.jayway.jsonpath.internal.path.CompiledPath -- Evaluating path: $['name']
17:42:48.821 [main] DEBUG com.jayway.jsonpath.internal.path.CompiledPath -- Evaluating path: $['status']
17:42:48.823 [main] INFO com.intuit.karate -- [print] POST created: {
  "id": 794,
  "category": {
    "id": 1,
    "name": "dog"
  },
  "name": "firulaisx-794",
  "photoUrls": [
    "https://img.example/dog.png"
  ],
  "tags": [
    {
      "id": 1,
      "name": "qa"
    }
  ],
  "status": "available"
}
 
17:42:48.824 [main] INFO com.intuit.karate -- [print] Consultando por ID: 794 
17:42:48.833 [main] DEBUG org.apache.http.client.protocol.RequestAddCookies -- CookieSpec selected: karate
17:42:48.834 [main] DEBUG org.apache.http.client.protocol.RequestAuthCache -- Auth cache not set in the context
17:42:48.834 [main] DEBUG com.intuit.karate -- request:
2 > GET https://petstore.swagger.io/v2/pet/794
2 > Host: petstore.swagger.io
2 > Connection: Keep-Alive
2 > User-Agent: Apache-HttpClient/4.5.14 (Java/17.0.12)
2 > Accept-Encoding: gzip,deflate


17:42:48.834 [main] DEBUG org.apache.http.impl.conn.PoolingHttpClientConnectionManager -- Connection request: [route: {s}->https://petstore.swagger.io:443][total available: 0; route allocated: 0 of 5; total allocated: 0 of 10]
17:42:48.834 [main] DEBUG org.apache.http.impl.conn.PoolingHttpClientConnectionManager -- Connection leased: [id: 1][route: {s}->https://petstore.swagger.io:443][total available: 0; route allocated: 1 of 5; total allocated: 1 of 10]
17:42:48.834 [main] DEBUG org.apache.http.impl.execchain.MainClientExec -- Opening connection {s}->https://petstore.swagger.io:443
17:42:48.834 [main] DEBUG org.apache.http.impl.conn.DefaultHttpClientConnectionOperator -- Connecting to petstore.swagger.io/34.196.107.166:443
17:42:48.834 [main] DEBUG org.apache.http.conn.ssl.SSLConnectionSocketFactory -- Connecting socket to petstore.swagger.io/34.196.107.166:443 with timeout 15000
17:42:48.914 [main] DEBUG org.apache.http.conn.ssl.SSLConnectionSocketFactory -- Enabled protocols: [TLSv1.3, TLSv1.2]
17:42:48.916 [main] DEBUG org.apache.http.conn.ssl.SSLConnectionSocketFactory -- Enabled cipher suites:[TLS_AES_256_GCM_SHA384, TLS_AES_128_GCM_SHA256, TLS_CHACHA20_POLY1305_SHA256, TLS_ECDHE_ECDSA_WITH_AES_256_GCM_SHA384, TLS_ECDHE_ECDSA_WITH_AES_128_GCM_SHA256, TLS_ECDHE_ECDSA_WITH_CHACHA20_POLY1305_SHA256, TLS_ECDHE_RSA_WITH_AES_256_GCM_SHA384, TLS_ECDHE_RSA_WITH_CHACHA20_POLY1305_SHA256, TLS_ECDHE_RSA_WITH_AES_128_GCM_SHA256, TLS_DHE_RSA_WITH_AES_256_GCM_SHA384, TLS_DHE_RSA_WITH_CHACHA20_POLY1305_SHA256, TLS_DHE_DSS_WITH_AES_256_GCM_SHA384, TLS_DHE_RSA_WITH_AES_128_GCM_SHA256, TLS_DHE_DSS_WITH_AES_128_GCM_SHA256, TLS_ECDHE_ECDSA_WITH_AES_256_CBC_SHA384, TLS_ECDHE_RSA_WITH_AES_256_CBC_SHA384, TLS_ECDHE_ECDSA_WITH_AES_128_CBC_SHA256, TLS_ECDHE_RSA_WITH_AES_128_CBC_SHA256, TLS_DHE_RSA_WITH_AES_256_CBC_SHA256, TLS_DHE_DSS_WITH_AES_256_CBC_SHA256, TLS_DHE_RSA_WITH_AES_128_CBC_SHA256, TLS_DHE_DSS_WITH_AES_128_CBC_SHA256, TLS_ECDH_ECDSA_WITH_AES_256_GCM_SHA384, TLS_ECDH_RSA_WITH_AES_256_GCM_SHA384, TLS_ECDH_ECDSA_WITH_AES_128_GCM_SHA256, TLS_ECDH_RSA_WITH_AES_128_GCM_SHA256, TLS_ECDH_ECDSA_WITH_AES_256_CBC_SHA384, TLS_ECDH_RSA_WITH_AES_256_CBC_SHA384, TLS_ECDH_ECDSA_WITH_AES_128_CBC_SHA256, TLS_ECDH_RSA_WITH_AES_128_CBC_SHA256, TLS_ECDHE_ECDSA_WITH_AES_256_CBC_SHA, TLS_ECDHE_RSA_WITH_AES_256_CBC_SHA, TLS_ECDHE_ECDSA_WITH_AES_128_CBC_SHA, TLS_ECDHE_RSA_WITH_AES_128_CBC_SHA, TLS_DHE_RSA_WITH_AES_256_CBC_SHA, TLS_DHE_DSS_WITH_AES_256_CBC_SHA, TLS_DHE_RSA_WITH_AES_128_CBC_SHA, TLS_DHE_DSS_WITH_AES_128_CBC_SHA, TLS_ECDH_ECDSA_WITH_AES_256_CBC_SHA, TLS_ECDH_RSA_WITH_AES_256_CBC_SHA, TLS_ECDH_ECDSA_WITH_AES_128_CBC_SHA, TLS_ECDH_RSA_WITH_AES_128_CBC_SHA, TLS_RSA_WITH_AES_256_GCM_SHA384, TLS_RSA_WITH_AES_128_GCM_SHA256, TLS_RSA_WITH_AES_256_CBC_SHA256, TLS_RSA_WITH_AES_128_CBC_SHA256, TLS_RSA_WITH_AES_256_CBC_SHA, TLS_RSA_WITH_AES_128_CBC_SHA, TLS_EMPTY_RENEGOTIATION_INFO_SCSV]
17:42:48.916 [main] DEBUG org.apache.http.conn.ssl.SSLConnectionSocketFactory -- Starting handshake
17:42:48.998 [main] DEBUG org.apache.http.conn.ssl.SSLConnectionSocketFactory -- Secure session established
17:42:48.998 [main] DEBUG org.apache.http.conn.ssl.SSLConnectionSocketFactory --  negotiated protocol: TLSv1.2
17:42:48.998 [main] DEBUG org.apache.http.conn.ssl.SSLConnectionSocketFactory --  negotiated cipher suite: TLS_ECDHE_RSA_WITH_AES_128_GCM_SHA256
17:42:48.998 [main] DEBUG org.apache.http.conn.ssl.SSLConnectionSocketFactory --  peer principal: CN=*.swagger.io
17:42:48.998 [main] DEBUG org.apache.http.conn.ssl.SSLConnectionSocketFactory --  peer alternative names: [*.swagger.io]
17:42:48.998 [main] DEBUG org.apache.http.conn.ssl.SSLConnectionSocketFactory --  issuer principal: CN=Amazon RSA 2048 M02, O=Amazon, C=US
17:42:48.998 [main] DEBUG org.apache.http.impl.conn.DefaultHttpClientConnectionOperator -- Connection established 192.168.1.6:59560<->34.196.107.166:443
17:42:48.998 [main] DEBUG org.apache.http.impl.conn.DefaultManagedHttpClientConnection -- http-outgoing-1: set socket timeout to 15000
17:42:48.998 [main] DEBUG org.apache.http.impl.execchain.MainClientExec -- Executing request GET /v2/pet/794 HTTP/1.1
17:42:48.998 [main] DEBUG org.apache.http.impl.execchain.MainClientExec -- Target auth state: UNCHALLENGED
17:42:48.999 [main] DEBUG org.apache.http.impl.execchain.MainClientExec -- Proxy auth state: UNCHALLENGED
17:42:48.999 [main] DEBUG org.apache.http.headers -- http-outgoing-1 >> GET /v2/pet/794 HTTP/1.1
17:42:48.999 [main] DEBUG org.apache.http.headers -- http-outgoing-1 >> Host: petstore.swagger.io
17:42:48.999 [main] DEBUG org.apache.http.headers -- http-outgoing-1 >> Connection: Keep-Alive
17:42:48.999 [main] DEBUG org.apache.http.headers -- http-outgoing-1 >> User-Agent: Apache-HttpClient/4.5.14 (Java/17.0.12)
17:42:48.999 [main] DEBUG org.apache.http.headers -- http-outgoing-1 >> Accept-Encoding: gzip,deflate
17:42:48.999 [main] DEBUG org.apache.http.wire -- http-outgoing-1 >> "GET /v2/pet/794 HTTP/1.1[\r][\n]"
17:42:48.999 [main] DEBUG org.apache.http.wire -- http-outgoing-1 >> "Host: petstore.swagger.io[\r][\n]"
17:42:48.999 [main] DEBUG org.apache.http.wire -- http-outgoing-1 >> "Connection: Keep-Alive[\r][\n]"
17:42:48.999 [main] DEBUG org.apache.http.wire -- http-outgoing-1 >> "User-Agent: Apache-HttpClient/4.5.14 (Java/17.0.12)[\r][\n]"
17:42:48.999 [main] DEBUG org.apache.http.wire -- http-outgoing-1 >> "Accept-Encoding: gzip,deflate[\r][\n]"
17:42:48.999 [main] DEBUG org.apache.http.wire -- http-outgoing-1 >> "[\r][\n]"
17:42:49.079 [main] DEBUG org.apache.http.wire -- http-outgoing-1 << "HTTP/1.1 200 OK[\r][\n]"
17:42:49.079 [main] DEBUG org.apache.http.wire -- http-outgoing-1 << "Date: Fri, 12 Sep 2025 22:42:49 GMT[\r][\n]"
17:42:49.079 [main] DEBUG org.apache.http.wire -- http-outgoing-1 << "Content-Type: application/json[\r][\n]"
17:42:49.079 [main] DEBUG org.apache.http.wire -- http-outgoing-1 << "Transfer-Encoding: chunked[\r][\n]"
17:42:49.079 [main] DEBUG org.apache.http.wire -- http-outgoing-1 << "Connection: keep-alive[\r][\n]"
17:42:49.079 [main] DEBUG org.apache.http.wire -- http-outgoing-1 << "Access-Control-Allow-Origin: *[\r][\n]"
17:42:49.079 [main] DEBUG org.apache.http.wire -- http-outgoing-1 << "Access-Control-Allow-Methods: GET, POST, DELETE, PUT[\r][\n]"
17:42:49.079 [main] DEBUG org.apache.http.wire -- http-outgoing-1 << "Access-Control-Allow-Headers: Content-Type, api_key, Authorization[\r][\n]"
17:42:49.079 [main] DEBUG org.apache.http.wire -- http-outgoing-1 << "Server: Jetty(9.2.9.v20150224)[\r][\n]"
17:42:49.079 [main] DEBUG org.apache.http.wire -- http-outgoing-1 << "[\r][\n]"
17:42:49.079 [main] DEBUG org.apache.http.wire -- http-outgoing-1 << "a1[\r][\n]"
17:42:49.079 [main] DEBUG org.apache.http.wire -- http-outgoing-1 << "{"id":794,"category":{"id":1,"name":"dog"},"name":"firulaisx-794","photoUrls":["https://img.example/dog.png"],"tags":[{"id":1,"name":"qa"}],"status":"available"}[\r][\n]"
17:42:49.079 [main] DEBUG org.apache.http.headers -- http-outgoing-1 << HTTP/1.1 200 OK
17:42:49.079 [main] DEBUG org.apache.http.headers -- http-outgoing-1 << Date: Fri, 12 Sep 2025 22:42:49 GMT
17:42:49.079 [main] DEBUG org.apache.http.headers -- http-outgoing-1 << Content-Type: application/json
17:42:49.079 [main] DEBUG org.apache.http.headers -- http-outgoing-1 << Transfer-Encoding: chunked
17:42:49.079 [main] DEBUG org.apache.http.headers -- http-outgoing-1 << Connection: keep-alive
17:42:49.079 [main] DEBUG org.apache.http.headers -- http-outgoing-1 << Access-Control-Allow-Origin: *
17:42:49.079 [main] DEBUG org.apache.http.headers -- http-outgoing-1 << Access-Control-Allow-Methods: GET, POST, DELETE, PUT
17:42:49.079 [main] DEBUG org.apache.http.headers -- http-outgoing-1 << Access-Control-Allow-Headers: Content-Type, api_key, Authorization
17:42:49.080 [main] DEBUG org.apache.http.headers -- http-outgoing-1 << Server: Jetty(9.2.9.v20150224)
17:42:49.080 [main] DEBUG org.apache.http.impl.execchain.MainClientExec -- Connection can be kept alive indefinitely
17:42:49.080 [main] DEBUG org.apache.http.wire -- http-outgoing-1 << "0[\r][\n]"
17:42:49.080 [main] DEBUG org.apache.http.wire -- http-outgoing-1 << "[\r][\n]"
17:42:49.080 [main] DEBUG org.apache.http.impl.conn.PoolingHttpClientConnectionManager -- Connection [id: 1][route: {s}->https://petstore.swagger.io:443] can be kept alive indefinitely
17:42:49.080 [main] DEBUG org.apache.http.impl.conn.DefaultManagedHttpClientConnection -- http-outgoing-1: set socket timeout to 0
17:42:49.080 [main] DEBUG org.apache.http.impl.conn.PoolingHttpClientConnectionManager -- Connection released: [id: 1][route: {s}->https://petstore.swagger.io:443][total available: 1; route allocated: 1 of 5; total allocated: 1 of 10]
17:42:49.080 [main] DEBUG org.apache.http.impl.conn.PoolingHttpClientConnectionManager -- Connection manager is shutting down
17:42:49.080 [main] DEBUG org.apache.http.impl.conn.DefaultManagedHttpClientConnection -- http-outgoing-1: Close connection
17:42:49.081 [main] DEBUG org.apache.http.impl.conn.PoolingHttpClientConnectionManager -- Connection manager shut down
17:42:49.081 [main] DEBUG com.intuit.karate -- response time in milliseconds: 246
2 < 200
2 < Date: Fri, 12 Sep 2025 22:42:49 GMT
2 < Content-Type: application/json
2 < Transfer-Encoding: chunked
2 < Connection: keep-alive
2 < Access-Control-Allow-Origin: *
2 < Access-Control-Allow-Methods: GET, POST, DELETE, PUT
2 < Access-Control-Allow-Headers: Content-Type, api_key, Authorization
2 < Server: Jetty(9.2.9.v20150224)
{"id":794,"category":{"id":1,"name":"dog"},"name":"firulaisx-794","photoUrls":["https://img.example/dog.png"],"tags":[{"id":1,"name":"qa"}],"status":"available"}

17:42:49.088 [main] DEBUG com.jayway.jsonpath.internal.path.CompiledPath -- Evaluating path: $['id']
17:42:49.088 [main] DEBUG com.jayway.jsonpath.internal.path.CompiledPath -- Evaluating path: $['name']
17:42:49.089 [main] DEBUG com.jayway.jsonpath.internal.path.CompiledPath -- Evaluating path: $['status']
17:42:49.090 [main] DEBUG org.apache.http.client.protocol.RequestAddCookies -- CookieSpec selected: karate
17:42:49.090 [main] DEBUG org.apache.http.client.protocol.RequestAuthCache -- Auth cache not set in the context
17:42:49.090 [main] DEBUG com.intuit.karate -- request:
3 > PUT https://petstore.swagger.io/v2/pet
3 > Content-Type: application/json; charset=UTF-8
3 > Content-Length: 167
3 > Host: petstore.swagger.io
3 > Connection: Keep-Alive
3 > User-Agent: Apache-HttpClient/4.5.14 (Java/17.0.12)
3 > Accept-Encoding: gzip,deflate
{"id":794,"category":{"id":1,"name":"dog"},"name":"firulaisx-794-updated","photoUrls":["https:\/\/img.example\/dog.png"],"tags":[{"id":1,"name":"qa"}],"status":"sold"}

17:42:49.091 [main] DEBUG org.apache.http.impl.conn.PoolingHttpClientConnectionManager -- Connection request: [route: {s}->https://petstore.swagger.io:443][total available: 0; route allocated: 0 of 5; total allocated: 0 of 10]
17:42:49.091 [main] DEBUG org.apache.http.impl.conn.PoolingHttpClientConnectionManager -- Connection leased: [id: 2][route: {s}->https://petstore.swagger.io:443][total available: 0; route allocated: 1 of 5; total allocated: 1 of 10]
17:42:49.091 [main] DEBUG org.apache.http.impl.execchain.MainClientExec -- Opening connection {s}->https://petstore.swagger.io:443
17:42:49.091 [main] DEBUG org.apache.http.impl.conn.DefaultHttpClientConnectionOperator -- Connecting to petstore.swagger.io/34.196.107.166:443
17:42:49.091 [main] DEBUG org.apache.http.conn.ssl.SSLConnectionSocketFactory -- Connecting socket to petstore.swagger.io/34.196.107.166:443 with timeout 15000
17:42:49.189 [main] DEBUG org.apache.http.conn.ssl.SSLConnectionSocketFactory -- Enabled protocols: [TLSv1.3, TLSv1.2]
17:42:49.190 [main] DEBUG org.apache.http.conn.ssl.SSLConnectionSocketFactory -- Enabled cipher suites:[TLS_AES_256_GCM_SHA384, TLS_AES_128_GCM_SHA256, TLS_CHACHA20_POLY1305_SHA256, TLS_ECDHE_ECDSA_WITH_AES_256_GCM_SHA384, TLS_ECDHE_ECDSA_WITH_AES_128_GCM_SHA256, TLS_ECDHE_ECDSA_WITH_CHACHA20_POLY1305_SHA256, TLS_ECDHE_RSA_WITH_AES_256_GCM_SHA384, TLS_ECDHE_RSA_WITH_CHACHA20_POLY1305_SHA256, TLS_ECDHE_RSA_WITH_AES_128_GCM_SHA256, TLS_DHE_RSA_WITH_AES_256_GCM_SHA384, TLS_DHE_RSA_WITH_CHACHA20_POLY1305_SHA256, TLS_DHE_DSS_WITH_AES_256_GCM_SHA384, TLS_DHE_RSA_WITH_AES_128_GCM_SHA256, TLS_DHE_DSS_WITH_AES_128_GCM_SHA256, TLS_ECDHE_ECDSA_WITH_AES_256_CBC_SHA384, TLS_ECDHE_RSA_WITH_AES_256_CBC_SHA384, TLS_ECDHE_ECDSA_WITH_AES_128_CBC_SHA256, TLS_ECDHE_RSA_WITH_AES_128_CBC_SHA256, TLS_DHE_RSA_WITH_AES_256_CBC_SHA256, TLS_DHE_DSS_WITH_AES_256_CBC_SHA256, TLS_DHE_RSA_WITH_AES_128_CBC_SHA256, TLS_DHE_DSS_WITH_AES_128_CBC_SHA256, TLS_ECDH_ECDSA_WITH_AES_256_GCM_SHA384, TLS_ECDH_RSA_WITH_AES_256_GCM_SHA384, TLS_ECDH_ECDSA_WITH_AES_128_GCM_SHA256, TLS_ECDH_RSA_WITH_AES_128_GCM_SHA256, TLS_ECDH_ECDSA_WITH_AES_256_CBC_SHA384, TLS_ECDH_RSA_WITH_AES_256_CBC_SHA384, TLS_ECDH_ECDSA_WITH_AES_128_CBC_SHA256, TLS_ECDH_RSA_WITH_AES_128_CBC_SHA256, TLS_ECDHE_ECDSA_WITH_AES_256_CBC_SHA, TLS_ECDHE_RSA_WITH_AES_256_CBC_SHA, TLS_ECDHE_ECDSA_WITH_AES_128_CBC_SHA, TLS_ECDHE_RSA_WITH_AES_128_CBC_SHA, TLS_DHE_RSA_WITH_AES_256_CBC_SHA, TLS_DHE_DSS_WITH_AES_256_CBC_SHA, TLS_DHE_RSA_WITH_AES_128_CBC_SHA, TLS_DHE_DSS_WITH_AES_128_CBC_SHA, TLS_ECDH_ECDSA_WITH_AES_256_CBC_SHA, TLS_ECDH_RSA_WITH_AES_256_CBC_SHA, TLS_ECDH_ECDSA_WITH_AES_128_CBC_SHA, TLS_ECDH_RSA_WITH_AES_128_CBC_SHA, TLS_RSA_WITH_AES_256_GCM_SHA384, TLS_RSA_WITH_AES_128_GCM_SHA256, TLS_RSA_WITH_AES_256_CBC_SHA256, TLS_RSA_WITH_AES_128_CBC_SHA256, TLS_RSA_WITH_AES_256_CBC_SHA, TLS_RSA_WITH_AES_128_CBC_SHA, TLS_EMPTY_RENEGOTIATION_INFO_SCSV]
17:42:49.190 [main] DEBUG org.apache.http.conn.ssl.SSLConnectionSocketFactory -- Starting handshake
17:42:49.292 [main] DEBUG org.apache.http.conn.ssl.SSLConnectionSocketFactory -- Secure session established
17:42:49.293 [main] DEBUG org.apache.http.conn.ssl.SSLConnectionSocketFactory --  negotiated protocol: TLSv1.2
17:42:49.293 [main] DEBUG org.apache.http.conn.ssl.SSLConnectionSocketFactory --  negotiated cipher suite: TLS_ECDHE_RSA_WITH_AES_128_GCM_SHA256
17:42:49.293 [main] DEBUG org.apache.http.conn.ssl.SSLConnectionSocketFactory --  peer principal: CN=*.swagger.io
17:42:49.293 [main] DEBUG org.apache.http.conn.ssl.SSLConnectionSocketFactory --  peer alternative names: [*.swagger.io]
17:42:49.293 [main] DEBUG org.apache.http.conn.ssl.SSLConnectionSocketFactory --  issuer principal: CN=Amazon RSA 2048 M02, O=Amazon, C=US
17:42:49.293 [main] DEBUG org.apache.http.impl.conn.DefaultHttpClientConnectionOperator -- Connection established 192.168.1.6:59561<->34.196.107.166:443
17:42:49.293 [main] DEBUG org.apache.http.impl.conn.DefaultManagedHttpClientConnection -- http-outgoing-2: set socket timeout to 15000
17:42:49.293 [main] DEBUG org.apache.http.impl.execchain.MainClientExec -- Executing request PUT /v2/pet HTTP/1.1
17:42:49.293 [main] DEBUG org.apache.http.impl.execchain.MainClientExec -- Target auth state: UNCHALLENGED
17:42:49.293 [main] DEBUG org.apache.http.impl.execchain.MainClientExec -- Proxy auth state: UNCHALLENGED
17:42:49.293 [main] DEBUG org.apache.http.headers -- http-outgoing-2 >> PUT /v2/pet HTTP/1.1
17:42:49.293 [main] DEBUG org.apache.http.headers -- http-outgoing-2 >> Content-Type: application/json; charset=UTF-8
17:42:49.293 [main] DEBUG org.apache.http.headers -- http-outgoing-2 >> Content-Length: 167
17:42:49.293 [main] DEBUG org.apache.http.headers -- http-outgoing-2 >> Host: petstore.swagger.io
17:42:49.293 [main] DEBUG org.apache.http.headers -- http-outgoing-2 >> Connection: Keep-Alive
17:42:49.293 [main] DEBUG org.apache.http.headers -- http-outgoing-2 >> User-Agent: Apache-HttpClient/4.5.14 (Java/17.0.12)
17:42:49.293 [main] DEBUG org.apache.http.headers -- http-outgoing-2 >> Accept-Encoding: gzip,deflate
17:42:49.293 [main] DEBUG org.apache.http.wire -- http-outgoing-2 >> "PUT /v2/pet HTTP/1.1[\r][\n]"
17:42:49.293 [main] DEBUG org.apache.http.wire -- http-outgoing-2 >> "Content-Type: application/json; charset=UTF-8[\r][\n]"
17:42:49.294 [main] DEBUG org.apache.http.wire -- http-outgoing-2 >> "Content-Length: 167[\r][\n]"
17:42:49.294 [main] DEBUG org.apache.http.wire -- http-outgoing-2 >> "Host: petstore.swagger.io[\r][\n]"
17:42:49.294 [main] DEBUG org.apache.http.wire -- http-outgoing-2 >> "Connection: Keep-Alive[\r][\n]"
17:42:49.294 [main] DEBUG org.apache.http.wire -- http-outgoing-2 >> "User-Agent: Apache-HttpClient/4.5.14 (Java/17.0.12)[\r][\n]"
17:42:49.294 [main] DEBUG org.apache.http.wire -- http-outgoing-2 >> "Accept-Encoding: gzip,deflate[\r][\n]"
17:42:49.294 [main] DEBUG org.apache.http.wire -- http-outgoing-2 >> "[\r][\n]"
17:42:49.294 [main] DEBUG org.apache.http.wire -- http-outgoing-2 >> "{"id":794,"category":{"id":1,"name":"dog"},"name":"firulaisx-794-updated","photoUrls":["https:\/\/img.example\/dog.png"],"tags":[{"id":1,"name":"qa"}],"status":"sold"}"
17:42:49.391 [main] DEBUG org.apache.http.wire -- http-outgoing-2 << "HTTP/1.1 200 OK[\r][\n]"
17:42:49.391 [main] DEBUG org.apache.http.wire -- http-outgoing-2 << "Date: Fri, 12 Sep 2025 22:42:49 GMT[\r][\n]"
17:42:49.391 [main] DEBUG org.apache.http.wire -- http-outgoing-2 << "Content-Type: application/json[\r][\n]"
17:42:49.391 [main] DEBUG org.apache.http.wire -- http-outgoing-2 << "Transfer-Encoding: chunked[\r][\n]"
17:42:49.391 [main] DEBUG org.apache.http.wire -- http-outgoing-2 << "Connection: keep-alive[\r][\n]"
17:42:49.391 [main] DEBUG org.apache.http.wire -- http-outgoing-2 << "Access-Control-Allow-Origin: *[\r][\n]"
17:42:49.391 [main] DEBUG org.apache.http.wire -- http-outgoing-2 << "Access-Control-Allow-Methods: GET, POST, DELETE, PUT[\r][\n]"
17:42:49.391 [main] DEBUG org.apache.http.wire -- http-outgoing-2 << "Access-Control-Allow-Headers: Content-Type, api_key, Authorization[\r][\n]"
17:42:49.391 [main] DEBUG org.apache.http.wire -- http-outgoing-2 << "Server: Jetty(9.2.9.v20150224)[\r][\n]"
17:42:49.391 [main] DEBUG org.apache.http.wire -- http-outgoing-2 << "[\r][\n]"
17:42:49.391 [main] DEBUG org.apache.http.wire -- http-outgoing-2 << "a4[\r][\n]"
17:42:49.391 [main] DEBUG org.apache.http.wire -- http-outgoing-2 << "{"id":794,"category":{"id":1,"name":"dog"},"name":"firulaisx-794-updated","photoUrls":["https://img.example/dog.png"],"tags":[{"id":1,"name":"qa"}],"status":"sold"}[\r][\n]"
17:42:49.391 [main] DEBUG org.apache.http.headers -- http-outgoing-2 << HTTP/1.1 200 OK
17:42:49.392 [main] DEBUG org.apache.http.headers -- http-outgoing-2 << Date: Fri, 12 Sep 2025 22:42:49 GMT
17:42:49.392 [main] DEBUG org.apache.http.headers -- http-outgoing-2 << Content-Type: application/json
17:42:49.392 [main] DEBUG org.apache.http.headers -- http-outgoing-2 << Transfer-Encoding: chunked
17:42:49.392 [main] DEBUG org.apache.http.headers -- http-outgoing-2 << Connection: keep-alive
17:42:49.392 [main] DEBUG org.apache.http.headers -- http-outgoing-2 << Access-Control-Allow-Origin: *
17:42:49.392 [main] DEBUG org.apache.http.headers -- http-outgoing-2 << Access-Control-Allow-Methods: GET, POST, DELETE, PUT
17:42:49.392 [main] DEBUG org.apache.http.headers -- http-outgoing-2 << Access-Control-Allow-Headers: Content-Type, api_key, Authorization
17:42:49.392 [main] DEBUG org.apache.http.headers -- http-outgoing-2 << Server: Jetty(9.2.9.v20150224)
17:42:49.392 [main] DEBUG org.apache.http.impl.execchain.MainClientExec -- Connection can be kept alive indefinitely
17:42:49.392 [main] DEBUG org.apache.http.wire -- http-outgoing-2 << "0[\r][\n]"
17:42:49.392 [main] DEBUG org.apache.http.wire -- http-outgoing-2 << "[\r][\n]"
17:42:49.392 [main] DEBUG org.apache.http.impl.conn.PoolingHttpClientConnectionManager -- Connection [id: 2][route: {s}->https://petstore.swagger.io:443] can be kept alive indefinitely
17:42:49.392 [main] DEBUG org.apache.http.impl.conn.DefaultManagedHttpClientConnection -- http-outgoing-2: set socket timeout to 0
17:42:49.392 [main] DEBUG org.apache.http.impl.conn.PoolingHttpClientConnectionManager -- Connection released: [id: 2][route: {s}->https://petstore.swagger.io:443][total available: 1; route allocated: 1 of 5; total allocated: 1 of 10]
17:42:49.393 [main] DEBUG org.apache.http.impl.conn.PoolingHttpClientConnectionManager -- Connection manager is shutting down
17:42:49.394 [main] DEBUG org.apache.http.impl.conn.DefaultManagedHttpClientConnection -- http-outgoing-2: Close connection
17:42:49.395 [main] DEBUG org.apache.http.impl.conn.PoolingHttpClientConnectionManager -- Connection manager shut down
17:42:49.395 [main] DEBUG com.intuit.karate -- response time in milliseconds: 302
3 < 200
3 < Date: Fri, 12 Sep 2025 22:42:49 GMT
3 < Content-Type: application/json
3 < Transfer-Encoding: chunked
3 < Connection: keep-alive
3 < Access-Control-Allow-Origin: *
3 < Access-Control-Allow-Methods: GET, POST, DELETE, PUT
3 < Access-Control-Allow-Headers: Content-Type, api_key, Authorization
3 < Server: Jetty(9.2.9.v20150224)
{"id":794,"category":{"id":1,"name":"dog"},"name":"firulaisx-794-updated","photoUrls":["https://img.example/dog.png"],"tags":[{"id":1,"name":"qa"}],"status":"sold"}

17:42:49.397 [main] DEBUG com.jayway.jsonpath.internal.path.CompiledPath -- Evaluating path: $['id']
17:42:49.397 [main] DEBUG com.jayway.jsonpath.internal.path.CompiledPath -- Evaluating path: $['name']
17:42:49.397 [main] DEBUG com.jayway.jsonpath.internal.path.CompiledPath -- Evaluating path: $['status']
17:42:49.407 [main] DEBUG org.apache.http.client.protocol.RequestAddCookies -- CookieSpec selected: karate
17:42:49.407 [main] DEBUG org.apache.http.client.protocol.RequestAuthCache -- Auth cache not set in the context
17:42:49.407 [main] DEBUG com.intuit.karate -- request:
4 > GET https://petstore.swagger.io/v2/pet/findByStatus?status=sold
4 > Host: petstore.swagger.io
4 > Connection: Keep-Alive
4 > User-Agent: Apache-HttpClient/4.5.14 (Java/17.0.12)
4 > Accept-Encoding: gzip,deflate


17:42:49.407 [main] DEBUG org.apache.http.impl.conn.PoolingHttpClientConnectionManager -- Connection request: [route: {s}->https://petstore.swagger.io:443][total available: 0; route allocated: 0 of 5; total allocated: 0 of 10]
17:42:49.407 [main] DEBUG org.apache.http.impl.conn.PoolingHttpClientConnectionManager -- Connection leased: [id: 3][route: {s}->https://petstore.swagger.io:443][total available: 0; route allocated: 1 of 5; total allocated: 1 of 10]
17:42:49.407 [main] DEBUG org.apache.http.impl.execchain.MainClientExec -- Opening connection {s}->https://petstore.swagger.io:443
17:42:49.408 [main] DEBUG org.apache.http.impl.conn.DefaultHttpClientConnectionOperator -- Connecting to petstore.swagger.io/34.196.107.166:443
17:42:49.408 [main] DEBUG org.apache.http.conn.ssl.SSLConnectionSocketFactory -- Connecting socket to petstore.swagger.io/34.196.107.166:443 with timeout 15000
17:42:49.486 [main] DEBUG org.apache.http.conn.ssl.SSLConnectionSocketFactory -- Enabled protocols: [TLSv1.3, TLSv1.2]
17:42:49.487 [main] DEBUG org.apache.http.conn.ssl.SSLConnectionSocketFactory -- Enabled cipher suites:[TLS_AES_256_GCM_SHA384, TLS_AES_128_GCM_SHA256, TLS_CHACHA20_POLY1305_SHA256, TLS_ECDHE_ECDSA_WITH_AES_256_GCM_SHA384, TLS_ECDHE_ECDSA_WITH_AES_128_GCM_SHA256, TLS_ECDHE_ECDSA_WITH_CHACHA20_POLY1305_SHA256, TLS_ECDHE_RSA_WITH_AES_256_GCM_SHA384, TLS_ECDHE_RSA_WITH_CHACHA20_POLY1305_SHA256, TLS_ECDHE_RSA_WITH_AES_128_GCM_SHA256, TLS_DHE_RSA_WITH_AES_256_GCM_SHA384, TLS_DHE_RSA_WITH_CHACHA20_POLY1305_SHA256, TLS_DHE_DSS_WITH_AES_256_GCM_SHA384, TLS_DHE_RSA_WITH_AES_128_GCM_SHA256, TLS_DHE_DSS_WITH_AES_128_GCM_SHA256, TLS_ECDHE_ECDSA_WITH_AES_256_CBC_SHA384, TLS_ECDHE_RSA_WITH_AES_256_CBC_SHA384, TLS_ECDHE_ECDSA_WITH_AES_128_CBC_SHA256, TLS_ECDHE_RSA_WITH_AES_128_CBC_SHA256, TLS_DHE_RSA_WITH_AES_256_CBC_SHA256, TLS_DHE_DSS_WITH_AES_256_CBC_SHA256, TLS_DHE_RSA_WITH_AES_128_CBC_SHA256, TLS_DHE_DSS_WITH_AES_128_CBC_SHA256, TLS_ECDH_ECDSA_WITH_AES_256_GCM_SHA384, TLS_ECDH_RSA_WITH_AES_256_GCM_SHA384, TLS_ECDH_ECDSA_WITH_AES_128_GCM_SHA256, TLS_ECDH_RSA_WITH_AES_128_GCM_SHA256, TLS_ECDH_ECDSA_WITH_AES_256_CBC_SHA384, TLS_ECDH_RSA_WITH_AES_256_CBC_SHA384, TLS_ECDH_ECDSA_WITH_AES_128_CBC_SHA256, TLS_ECDH_RSA_WITH_AES_128_CBC_SHA256, TLS_ECDHE_ECDSA_WITH_AES_256_CBC_SHA, TLS_ECDHE_RSA_WITH_AES_256_CBC_SHA, TLS_ECDHE_ECDSA_WITH_AES_128_CBC_SHA, TLS_ECDHE_RSA_WITH_AES_128_CBC_SHA, TLS_DHE_RSA_WITH_AES_256_CBC_SHA, TLS_DHE_DSS_WITH_AES_256_CBC_SHA, TLS_DHE_RSA_WITH_AES_128_CBC_SHA, TLS_DHE_DSS_WITH_AES_128_CBC_SHA, TLS_ECDH_ECDSA_WITH_AES_256_CBC_SHA, TLS_ECDH_RSA_WITH_AES_256_CBC_SHA, TLS_ECDH_ECDSA_WITH_AES_128_CBC_SHA, TLS_ECDH_RSA_WITH_AES_128_CBC_SHA, TLS_RSA_WITH_AES_256_GCM_SHA384, TLS_RSA_WITH_AES_128_GCM_SHA256, TLS_RSA_WITH_AES_256_CBC_SHA256, TLS_RSA_WITH_AES_128_CBC_SHA256, TLS_RSA_WITH_AES_256_CBC_SHA, TLS_RSA_WITH_AES_128_CBC_SHA, TLS_EMPTY_RENEGOTIATION_INFO_SCSV]
17:42:49.487 [main] DEBUG org.apache.http.conn.ssl.SSLConnectionSocketFactory -- Starting handshake
17:42:49.569 [main] DEBUG org.apache.http.conn.ssl.SSLConnectionSocketFactory -- Secure session established
17:42:49.569 [main] DEBUG org.apache.http.conn.ssl.SSLConnectionSocketFactory --  negotiated protocol: TLSv1.2
17:42:49.569 [main] DEBUG org.apache.http.conn.ssl.SSLConnectionSocketFactory --  negotiated cipher suite: TLS_ECDHE_RSA_WITH_AES_128_GCM_SHA256
17:42:49.569 [main] DEBUG org.apache.http.conn.ssl.SSLConnectionSocketFactory --  peer principal: CN=*.swagger.io
17:42:49.569 [main] DEBUG org.apache.http.conn.ssl.SSLConnectionSocketFactory --  peer alternative names: [*.swagger.io]
17:42:49.569 [main] DEBUG org.apache.http.conn.ssl.SSLConnectionSocketFactory --  issuer principal: CN=Amazon RSA 2048 M02, O=Amazon, C=US
17:42:49.569 [main] DEBUG org.apache.http.impl.conn.DefaultHttpClientConnectionOperator -- Connection established 192.168.1.6:59562<->34.196.107.166:443
17:42:49.569 [main] DEBUG org.apache.http.impl.conn.DefaultManagedHttpClientConnection -- http-outgoing-3: set socket timeout to 15000
17:42:49.569 [main] DEBUG org.apache.http.impl.execchain.MainClientExec -- Executing request GET /v2/pet/findByStatus?status=sold HTTP/1.1
17:42:49.569 [main] DEBUG org.apache.http.impl.execchain.MainClientExec -- Target auth state: UNCHALLENGED
17:42:49.569 [main] DEBUG org.apache.http.impl.execchain.MainClientExec -- Proxy auth state: UNCHALLENGED
17:42:49.569 [main] DEBUG org.apache.http.headers -- http-outgoing-3 >> GET /v2/pet/findByStatus?status=sold HTTP/1.1
17:42:49.569 [main] DEBUG org.apache.http.headers -- http-outgoing-3 >> Host: petstore.swagger.io
17:42:49.569 [main] DEBUG org.apache.http.headers -- http-outgoing-3 >> Connection: Keep-Alive
17:42:49.569 [main] DEBUG org.apache.http.headers -- http-outgoing-3 >> User-Agent: Apache-HttpClient/4.5.14 (Java/17.0.12)
17:42:49.569 [main] DEBUG org.apache.http.headers -- http-outgoing-3 >> Accept-Encoding: gzip,deflate
17:42:49.569 [main] DEBUG org.apache.http.wire -- http-outgoing-3 >> "GET /v2/pet/findByStatus?status=sold HTTP/1.1[\r][\n]"
17:42:49.569 [main] DEBUG org.apache.http.wire -- http-outgoing-3 >> "Host: petstore.swagger.io[\r][\n]"
17:42:49.570 [main] DEBUG org.apache.http.wire -- http-outgoing-3 >> "Connection: Keep-Alive[\r][\n]"
17:42:49.570 [main] DEBUG org.apache.http.wire -- http-outgoing-3 >> "User-Agent: Apache-HttpClient/4.5.14 (Java/17.0.12)[\r][\n]"
17:42:49.570 [main] DEBUG org.apache.http.wire -- http-outgoing-3 >> "Accept-Encoding: gzip,deflate[\r][\n]"
17:42:49.570 [main] DEBUG org.apache.http.wire -- http-outgoing-3 >> "[\r][\n]"
17:42:49.657 [main] DEBUG org.apache.http.wire -- http-outgoing-3 << "HTTP/1.1 200 OK[\r][\n]"
17:42:49.657 [main] DEBUG org.apache.http.wire -- http-outgoing-3 << "Date: Fri, 12 Sep 2025 22:42:49 GMT[\r][\n]"
17:42:49.657 [main] DEBUG org.apache.http.wire -- http-outgoing-3 << "Content-Type: application/json[\r][\n]"
17:42:49.657 [main] DEBUG org.apache.http.wire -- http-outgoing-3 << "Transfer-Encoding: chunked[\r][\n]"
17:42:49.657 [main] DEBUG org.apache.http.wire -- http-outgoing-3 << "Connection: keep-alive[\r][\n]"
17:42:49.657 [main] DEBUG org.apache.http.wire -- http-outgoing-3 << "Access-Control-Allow-Origin: *[\r][\n]"
17:42:49.657 [main] DEBUG org.apache.http.wire -- http-outgoing-3 << "Access-Control-Allow-Methods: GET, POST, DELETE, PUT[\r][\n]"
17:42:49.657 [main] DEBUG org.apache.http.wire -- http-outgoing-3 << "Access-Control-Allow-Headers: Content-Type, api_key, Authorization[\r][\n]"
17:42:49.657 [main] DEBUG org.apache.http.wire -- http-outgoing-3 << "Server: Jetty(9.2.9.v20150224)[\r][\n]"
17:42:49.657 [main] DEBUG org.apache.http.wire -- http-outgoing-3 << "[\r][\n]"
17:42:49.657 [main] DEBUG org.apache.http.wire -- http-outgoing-3 << "21c1[\r][\n]"
17:42:49.658 [main] DEBUG org.apache.http.wire -- http-outgoing-3 << "[{"id":9223372036854775608,"category":{"id":0,"name":"string"},"name":"doggie","photoUrls":["string"],"tags":[{"id":0,"name":"string"}],"status":"sold"},{"id":9223372036854775638,"name":"MyTestPet","photoUrls":["string"],"tags":[],"status":"sold"},{"id":12084391,"category":{"id":-48583,"name":"cupidatat amet commodo"},"name":"doggie","photoUrls":["fugiat Ut eu","exercitation nostr"],"tags":[{"id":-27183415,"name":"e"},{"id":86979382,"name":"in anim consectetur Lorem ut"}],"status":"sold"},{"id":1757669599403,"name":"DoggieUpdated","photoUrls":[],"tags":[],"status":"sold"},{"id":5555,"category":{"id":0,"name":"cat"},"name":"pris","photoUrls":["string"],"tags":[{"id":0,"name":"string"}],"status":"sold"},{"id":1757669774581,"name":"DoggieUpdated","photoUrls":[],"tags":[],"status":"sold"},{"id":1757669830321,"name":"DoggieUpdated","photoUrls":[],"tags":[],"status":"sold"},{"id":1757669916003,"name":"DoggieUpdated","photoUrls":[],"tags":[],"status":"sold"},{"id":303,"name":"Tommy","photoUrls":[],"tags":[],"status":"sold"},{"id":1757671237489,"category":{"id":1,"name":"test pets"},"name":"updated sold <guid>","photoUrls":["https://website.com/test_photo.png"],"tags":[{"id":1,"name":"test tag"}],"status":"sold"},{"id":3580616,"category":{"id":1,"name":"dogs"},"name":"Rex Updated","photoUrls":["https://example.com/rex_updated.jpg"],"tags":[{"id":1,"name":"very-friendly"},{"id":3,"name":"trained"}],"status":"sold"},{"id":1344,"category":{"id":1818,"name":"Drill"},"name":"SexyTake","photoUrls":["https://encrypted-tbn0.gstatic.com/images?q=tbn:ANd9GcQTdyV4X8GurMxk4adsfDZ5fM9f7Ak4euSQiA&s"],"tags":[{"id":3015,"name":"string"},{"id":4875,"name":"string"}],"status":"sold"},{"id":2649,"category":{"id":710,"name":"Category18"},"name":"[0xd0][0xb2][0xd0][0xb1][0xd0][0xb3][0xd0][0xb0][0xd0][0xb0][0xd0][0xb1]","photoUrls":["[0xd0][0xb2][0xd0][0xb1][0xd0][0xb3][0xd0][0xb0][0xd0][0xb0][0xd0][0xb1].jpg"],"tags":[{"id":950,"name":"[0xd0][0xb2][0xd0][0xb1][0xd0][0xb3][0xd0][0xb0][0xd0][0xb0][0xd0][0xb1]"}],"status":"sold"},{"id":2922,"category":{"id":672,"name":"Category28"},"name":"[0xd0][0xb1][0xd0][0xb2][0xd0][0xb0][0xd0][0xb0][0xd0][0xb3][0xd0][0xb0][0xd0][0xb1][0xd0][0xb4][0xd0][0xb6][0xd0][0xb0][0xd0][0xb1][0xd0][0xb2][0xd0][0xb0][0xd0][0xb1][0xd0][0xb1][0xd0][0xb3]","photoUrls":["[0xd0][0xb1][0xd0][0xb2][0xd0][0xb0][0xd0][0xb0][0xd0][0xb3][0xd0][0xb0][0xd0][0xb1][0xd0][0xb4][0xd0][0xb6][0xd0][0xb0][0xd0][0xb1][0xd0][0xb2][0xd0][0xb0][0xd0][0xb1][0xd0][0xb1][0xd0][0xb3].jpg"],"tags":[{"id":863,"name":"[0xd0][0xb1][0xd0][0xb2][0xd0][0xb0][0xd0][0xb0][0xd0][0xb3][0xd0][0xb0][0xd0][0xb1][0xd0][0xb4][0xd0][0xb6][0xd0][0xb0][0xd0][0xb1][0xd0][0xb2][0xd0][0xb0][0xd0][0xb1][0xd0][0xb1][0xd0][0xb3]"}],"status":"sold"},{"id":1757676178386,"category":{"id":1,"name":"test pets"},"name":"updated sold Test-Pet9fb6be51","photoUrls":["https://website.com/test_photo.png"],"tags":[{"id":1,"name":"test tag"}],"status":"sold"},{"id":3981,"category":{"id":1,"name":"dogs"},"name":"Rex Updated","photoUrls":["https://example.com/rex_updated.jpg"],"tags":[{"id":1,"name":"very-friendly"},{"id":3,"name":"trained"}],"status":"sold"},{"id":922337203685477590,"category":{"id":2,"name":"dog"},"name":"Chappy Seri","photoUrls":[],"tags":[],"status":"sold"},{"id":7597,"category":{"id":656,"name":"Category40"},"name":"[0xd0][0xb4][0xd0][0xb1][0xd0][0xb7][0xd0][0xb2][0xd0][0xb0][0xd0][0xb1][0xd0][0xb3][0xd0][0xb0][0xd0][0xb0]","photoUrls":["[0xd0][0xb4][0xd0][0xb1][0xd0][0xb7][0xd0][0xb2][0xd0][0xb0][0xd0][0xb1][0xd0][0xb3][0xd0][0xb0][0xd0][0xb0].jpg"],"tags":[{"id":598,"name":"[0xd0][0xb4][0xd0][0xb1][0xd0][0xb7][0xd0][0xb2][0xd0][0xb0][0xd0][0xb1][0xd0][0xb3][0xd0][0xb0][0xd0][0xb0]"}],"status":"sold"},{"id":2975,"category":{"id":130,"name":"Category16"},"name":"[0xd0][0xb0][0xd0][0xb2][0xd0][0xb0][0xd0][0xb4][0xd0][0xb3][0xd0][0xb4][0xd0][0xb4][0xd0][0xb1][0xd0][0xb0][0xd0][0xb0][0xd0][0xb1][0xd0][0xb5][0xd0][0xb2][0xd0][0xb1]","photoUrls":["[0xd0][0xb0][0xd0][0xb2][0xd0][0xb0][0xd0][0xb4][0xd0][0xb3][0xd0][0xb4][0xd0][0xb4][0xd0][0xb1][0xd0][0xb0][0xd0][0xb0][0xd0][0xb1][0xd0][0xb5][0xd0][0xb2][0xd0][0xb1].jpg"],"tags":[{"id":802,"name":"[0xd0][0xb0][0xd0][0xb2][0xd0][0xb0][0xd0][0xb4][0xd0][0xb3][0xd0][0xb4][0xd0][0xb4][0xd0][0xb1][0xd0][0xb0][0xd0][0xb0][0xd0][0xb1][0xd0][0xb5][0xd0][0xb2][0xd0][0xb1]"}],"status":"sold"},{"id":97,"category":{"id":0,"name":"cat"},"name":"doggie","photoUrls":["string"],"tags":[{"id":0,"name":"loyal"}],"status":"sold"},{"id":126,"name":"Fobik","photoUrls":["http://example.com/photo.jpg"],"tags":[],"status":"sold"},{"id":1347,"category":{"id":124,"name":"Dogs"},"name":"Billy","photoUrls":["https://i.pinimg.com/736x/d2/80/e2/d280e28bfad631bdf88292412abc70e6.jpg"],"tags":[{"id":228,"name":"Bullterier"}],"status":"sold"},{"id":2393,"category":{"id":1,"name":"Dogs"},"name":"Rex","photoUrls":["https://example.com/rex.jpg"],"tags":[{"id":1,"name":"friendly"}],"status":"sold"},{"id":1757681688892,"category":{"id":1,"name":"test pets"},"name":"updated sold Test-Peteb6e8336","photoUrls":["https://website.com/test_photo.png"],"tags":[{"id":1,"name":"test tag"}],"status":"sold"},{"id":18,"category":{"id":18,"name":"Busya"},"name":"doggie","photoUrls":["string"],"tags":[{"id":0,"name":"string"}],"status":"sold"},{"id":699612136,"category":{"id":1,"name":"Dogs"},"name":"Rex Updated","photoUrls":["https://example.com/rex_updated.jpg"],"tags":[{"id":1,"name":"very-friendly"},{"id":3,"name":"trained"}],"status":"sold"},{"id":5287,"category":{"id":1,"name":"Dogs"},"name":"Rex","photoUrls":["https://example.com/rex.jpg"],"tags":[{"id":1,"name":"friendly"}],"status":"sold"},{"id":1757684306606,"category":{"id":0,"name":"cypress"},"name":"Snoopy","photoUrls":[],"tags":[],"status":"sold"},{"id":2105,"category":{"id":97,"name":"rabbits"},"name":"EJfYzli747","photoUrls":["https://AeWm8RUoqw.jpg"],"tags":[{"id":16,"name":"rQXoiGRnVb"}],"status":"sold"},{"id":7489,"category":{"id":7502,"name":"string"},"name":"doggie","photoUrls":["string","string"],"tags":[{"id":1659,"name":"string"},{"id":5838,"name":"string"}],"status":"sold"},{"id":8305,"category":{"id":2932,"name":"string"},"name":"doggie","photoUrls":["string","string"],"tags":[{"id":4140,"name":"string"},{"id":811,"name":"string"}],"status":"sold"},{"id":904443,"category":{"id":200,"name":"Dogs"},"name":"Rex_Neegia","photoUrls":[],"tags":[{"id":12,"name":"goodboy"}],"status":"sold"},{"id":131844,"category":{"id":200,"name":"Dogs"},"name":"Rex_Udzvpj","photoUrls":[],"tags":[{"id":12,"name":"goodboy"}],"status":"sold"},{"id":3857855,"category":{"id":1,"name":"Dogs"},"name":"Rex","photoUrls":["https://example.com/rex.jpg"],"tags":[{"id":1,"name":"friendly"}],"status":"sold"},{"id":1689825,"category":{"id":1,"name":"Dogs"},"name":"Rex","photoUrls":["https://example.com/rex.jpg"],"tags":[{"id":1,"name":"friendly"}],"status":"sold"},{"id":276819,"category":{"id":200,"name":"Dogs"},"name":"Rex_Cmoqlr","photoUrls":[],"tags":[{"id":12,"name":"goodboy"}],"status":"sold"},{"id":1964,"category":{"id":56,"name":"rabbits"},"name":"m7n7ysluJH","photoUrls":["https://P12rxkVGaw.jpg"],"tags":[{"id":92,"name":"nwePm9Edc8"}],"status":"sold"},{"id":3120,"category":{"id":10,"name":"rabbits"},"name":"IituFwcnbF","photoUrls":["https://UDJ07Bx4wq.jpg"],"tags":[{"id":36,"name":"zCbMxfnyRG"}],"status":"sold"},{"id":1757689510859,"category":{"id":1,"name":"test pets"},"name":"updated sold Test-Pete351653f","photoUrls":["https://website.com/test_photo.png"],"tags":[{"id":1,"name":"test tag"}],"status":"sold"},{"id":602957,"category":{"id":200,"name":"Dogs"},"name":"Rex_Ixrsik","photoUrls":[],"tags":[{"id":12,"name":"goodboy"}],"status":"sold"},{"id":3379,"category":{"id":39,"name":"fish"},"name":"lxPeTyt200","photoUrls":["https://PLYo60xJTD.jpg"],"tags":[{"id":25,"name":"BzdsPA8gF8"}],"status":"sold"},{"id":8866,"category":{"id":2604,"name":"string"},"name":"doggie","photoUrls":["string","string"],"tags":[{"id":9705,"name":"string"},{"id":3934,"name":"string"}],"status":"sold"},{"id":401,"category":{"id":402,"name":"CatsDogs"},"name":"Maxfacorv3","photoUrls":["string"],"tags":[{"id":403,"name":"CatsDogs"}],"status":"sold"},{"id":1757696967298,"name":"UpdatedPet","photoUrls":[],"tags":[],"status":"sold"},{"id":1757697089093,"name":"UpdatedPet","photoUrls":[],"tags":[],"status":"sold"},{"id":1757697337773,"name":"UpdatedPet","photoUrls":[],"tags":[],"status":"sold"},{"id":12354,"category":{"id":1,"name":"Dogs"},"name":"MaxUpdated","photoUrls":["https://example.com/updated12354.jpg"],"tags":[{"id":1,"name":"updated"}]
[...]
[THYMELEAF]             * [* {th:marginwidth,data-th-marginwidth}] [1000]: org.thymeleaf.standard.processor.StandardRemovableAttributeTagProcessor
[THYMELEAF]             * [* {th:content,data-th-content}] [1000]: org.thymeleaf.standard.processor.StandardRemovableAttributeTagProcessor
[THYMELEAF]             * [* {th:autocomplete,data-th-autocomplete}] [1000]: org.thymeleaf.standard.processor.StandardRemovableAttributeTagProcessor
[THYMELEAF]             * [* {th:formenctype,data-th-formenctype}] [1000]: org.thymeleaf.standard.processor.StandardRemovableAttributeTagProcessor
[THYMELEAF]             * [* {th:radiogroup,data-th-radiogroup}] [1000]: org.thymeleaf.standard.processor.StandardRemovableAttributeTagProcessor
[THYMELEAF]             * [* {th:span,data-th-span}] [1000]: org.thymeleaf.standard.processor.StandardRemovableAttributeTagProcessor
[THYMELEAF]             * [* {th:keytype,data-th-keytype}] [1000]: org.thymeleaf.standard.processor.StandardRemovableAttributeTagProcessor
[THYMELEAF]             * [* {th:alt,data-th-alt}] [1000]: org.thymeleaf.standard.processor.StandardRemovableAttributeTagProcessor
[THYMELEAF]             * [* {th:target,data-th-target}] [1000]: org.thymeleaf.standard.processor.StandardRemovableAttributeTagProcessor
[THYMELEAF]             * [* {th:align,data-th-align}] [1000]: org.thymeleaf.standard.processor.StandardRemovableAttributeTagProcessor
[THYMELEAF]             * [* {th:headers,data-th-headers}] [1000]: org.thymeleaf.standard.processor.StandardRemovableAttributeTagProcessor
[THYMELEAF]             * [* {th:list,data-th-list}] [1000]: org.thymeleaf.standard.processor.StandardRemovableAttributeTagProcessor
[THYMELEAF]             * [* {th:accept,data-th-accept}] [1000]: org.thymeleaf.standard.processor.StandardRemovableAttributeTagProcessor
[THYMELEAF]             * [* {th:background,data-th-background}] [1000]: org.thymeleaf.standard.processor.StandardRemovableAttributeTagProcessor
[THYMELEAF]             * [* {th:optimum,data-th-optimum}] [1000]: org.thymeleaf.standard.processor.StandardRemovableAttributeTagProcessor
[THYMELEAF]             * [* {th:id,data-th-id}] [1000]: org.thymeleaf.standard.processor.StandardRemovableAttributeTagProcessor
[THYMELEAF]             * [* {th:formtarget,data-th-formtarget}] [1000]: org.thymeleaf.standard.processor.StandardRemovableAttributeTagProcessor
[THYMELEAF]             * [* {th:title,data-th-title}] [1000]: org.thymeleaf.standard.processor.StandardRemovableAttributeTagProcessor
[THYMELEAF]             * [* {th:manifest,data-th-manifest}] [1000]: org.thymeleaf.standard.processor.StandardRemovableAttributeTagProcessor
[THYMELEAF]             * [* {th:height,data-th-height}] [1000]: org.thymeleaf.standard.processor.StandardRemovableAttributeTagProcessor
[THYMELEAF]             * [* {th:dropzone,data-th-dropzone}] [1000]: org.thymeleaf.standard.processor.StandardRemovableAttributeTagProcessor
[THYMELEAF]             * [* {th:low,data-th-low}] [1000]: org.thymeleaf.standard.processor.StandardRemovableAttributeTagProcessor
[THYMELEAF]             * [* {th:step,data-th-step}] [1000]: org.thymeleaf.standard.processor.StandardRemovableAttributeTagProcessor
[THYMELEAF]             * [* {th:min,data-th-min}] [1000]: org.thymeleaf.standard.processor.StandardRemovableAttributeTagProcessor
[THYMELEAF]             * [* {th:media,data-th-media}] [1000]: org.thymeleaf.standard.processor.StandardRemovableAttributeTagProcessor
[THYMELEAF]             * [* {th:audio,data-th-audio}] [1000]: org.thymeleaf.standard.processor.StandardRemovableAttributeTagProcessor
[THYMELEAF]             * [* {th:maxlength,data-th-maxlength}] [1000]: org.thymeleaf.standard.processor.StandardRemovableAttributeTagProcessor
[THYMELEAF]             * [* {th:dir,data-th-dir}] [1000]: org.thymeleaf.standard.processor.StandardRemovableAttributeTagProcessor
[THYMELEAF]             * [* {th:cite,data-th-cite}] [1000]: org.thymeleaf.standard.processor.StandardRemovableAttributeTagProcessor
[THYMELEAF]             * [* {th:cols,data-th-cols}] [1000]: org.thymeleaf.standard.processor.StandardRemovableAttributeTagProcessor
[THYMELEAF]             * [* {th:high,data-th-high}] [1000]: org.thymeleaf.standard.processor.StandardRemovableAttributeTagProcessor
[THYMELEAF]             * [* {th:spellcheck,data-th-spellcheck}] [1000]: org.thymeleaf.standard.processor.StandardRemovableAttributeTagProcessor
[THYMELEAF]             * [* {th:form,data-th-form}] [1000]: org.thymeleaf.standard.processor.StandardRemovableAttributeTagProcessor
[THYMELEAF]             * [* {th:tabindex,data-th-tabindex}] [1000]: org.thymeleaf.standard.processor.StandardRemovableAttributeTagProcessor
[THYMELEAF]             * [* {th:codetype,data-th-codetype}] [1000]: org.thymeleaf.standard.processor.StandardRemovableAttributeTagProcessor
[THYMELEAF]             * [* {th:scheme,data-th-scheme}] [1000]: org.thymeleaf.standard.processor.StandardRemovableAttributeTagProcessor
[THYMELEAF]             * [* {th:challenge,data-th-challenge}] [1000]: org.thymeleaf.standard.processor.StandardRemovableAttributeTagProcessor
[THYMELEAF]             * [* {th:classid,data-th-classid}] [1000]: org.thymeleaf.standard.processor.StandardRemovableAttributeTagProcessor
[THYMELEAF]             * [* {th:abbr,data-th-abbr}] [1000]: org.thymeleaf.standard.processor.StandardRemovableAttributeTagProcessor
[THYMELEAF]             * [* {th:src,data-th-src}] [1000]: org.thymeleaf.standard.processor.StandardSrcTagProcessor
[THYMELEAF]             * [* {th:value,data-th-value}] [1000]: org.thymeleaf.standard.processor.StandardValueTagProcessor
[THYMELEAF]             * [* {th:xmlbase,data-th-xmlbase}] [1000]: org.thymeleaf.standard.processor.StandardXmlBaseTagProcessor
[THYMELEAF]             * [* {th:xmllang,data-th-xmllang}] [1000]: org.thymeleaf.standard.processor.StandardXmlLangTagProcessor
[THYMELEAF]             * [* {xmlns:th}] [1000]: org.thymeleaf.standard.processor.StandardXmlNsTagProcessor
[THYMELEAF]             * [* {th:xmlspace,data-th-xmlspace}] [1000]: org.thymeleaf.standard.processor.StandardXmlSpaceTagProcessor
[THYMELEAF]             * [* {th:classappend,data-th-classappend}] [1100]: org.thymeleaf.standard.processor.StandardClassappendTagProcessor
[THYMELEAF]             * [* {th:styleappend,data-th-styleappend}] [1100]: org.thymeleaf.standard.processor.StandardStyleappendTagProcessor
[THYMELEAF]             * [* {th:text,data-th-text}] [1300]: org.thymeleaf.standard.processor.StandardTextTagProcessor
[THYMELEAF]             * [* {th:utext,data-th-utext}] [1400]: org.thymeleaf.standard.processor.StandardUtextTagProcessor
[THYMELEAF]             * [* {th:fragment,data-th-fragment}] [1500]: org.thymeleaf.standard.processor.StandardFragmentTagProcessor
[THYMELEAF]             * [* {th:assert,data-th-assert}] [1550]: org.thymeleaf.standard.processor.StandardAssertTagProcessor
[THYMELEAF]             * [* {th:remove,data-th-remove}] [1600]: org.thymeleaf.standard.processor.StandardRemoveTagProcessor
[THYMELEAF]             * [* {th:ref,data-th-ref}] [10000]: org.thymeleaf.standard.processor.StandardRefAttributeTagProcessor
[THYMELEAF]             * [{th:block,th-block} *] [100000]: org.thymeleaf.standard.processor.StandardBlockTagProcessor
[THYMELEAF]             * [* th:*] [2147483647]: org.thymeleaf.standard.processor.StandardDefaultAttributesTagProcessor
[THYMELEAF]         * Text Processors by [precedence]:
[THYMELEAF]             * [1000]: org.thymeleaf.standard.processor.StandardInliningTextProcessor
[THYMELEAF]         * DOCTYPE Processors by [precedence]:
[THYMELEAF]             * [1000]: org.thymeleaf.standard.processor.StandardTranslationDocTypeProcessor
[THYMELEAF]         * CDATA Section Processors by [precedence]:
[THYMELEAF]             * [1000]: org.thymeleaf.standard.processor.StandardInliningCDATASectionProcessor
[THYMELEAF]         * Comment Processors by [precedence]:
[THYMELEAF]             * [1000]: org.thymeleaf.standard.processor.StandardInliningCommentProcessor
[THYMELEAF]             * [1100]: org.thymeleaf.standard.processor.StandardConditionalCommentProcessor
[THYMELEAF]     * Processors for Template Mode: XML
[THYMELEAF]         * Element Tag Processors by [matching element and attribute name] [precedence]:
[THYMELEAF]             * [* {th:include}] [100]: org.thymeleaf.standard.processor.StandardIncludeTagProcessor
[THYMELEAF]             * [* {th:insert}] [100]: org.thymeleaf.standard.processor.StandardInsertTagProcessor
[THYMELEAF]             * [* {th:replace}] [100]: org.thymeleaf.standard.processor.StandardReplaceTagProcessor
[THYMELEAF]             * [* {th:each}] [200]: com.intuit.karate.template.KarateEachTagProcessor
[THYMELEAF]             * [* {th:switch}] [250]: org.thymeleaf.standard.processor.StandardSwitchTagProcessor
[THYMELEAF]             * [* {th:case}] [275]: org.thymeleaf.standard.processor.StandardCaseTagProcessor
[THYMELEAF]             * [* {th:if}] [300]: org.thymeleaf.standard.processor.StandardIfTagProcessor
[THYMELEAF]             * [* {th:unless}] [400]: org.thymeleaf.standard.processor.StandardUnlessTagProcessor
[THYMELEAF]             * [* {th:object}] [500]: org.thymeleaf.standard.processor.StandardObjectTagProcessor
[THYMELEAF]             * [* {th:with}] [600]: com.intuit.karate.template.KarateWithTagProcessor
[THYMELEAF]             * [* {th:attr}] [700]: com.intuit.karate.template.KarateAttributeTagProcessor.KarateAttrTagProcessor
[THYMELEAF]             * [* {th:attrappend}] [900]: com.intuit.karate.template.KarateAttributeTagProcessor.KarateAttrappendTagProcessor
[THYMELEAF]             * [* {th:attrprepend}] [900]: com.intuit.karate.template.KarateAttributeTagProcessor.KarateAttrprependTagProcessor
[THYMELEAF]             * [* {th:inline}] [1000]: org.thymeleaf.standard.processor.StandardInlineXMLTagProcessor
[THYMELEAF]             * [* {xmlns:th}] [1000]: org.thymeleaf.standard.processor.StandardXmlNsTagProcessor
[THYMELEAF]             * [* {th:text}] [1300]: org.thymeleaf.standard.processor.StandardTextTagProcessor
[THYMELEAF]             * [* {th:utext}] [1400]: org.thymeleaf.standard.processor.StandardUtextTagProcessor
[THYMELEAF]             * [* {th:fragment}] [1500]: org.thymeleaf.standard.processor.StandardFragmentTagProcessor
[THYMELEAF]             * [* {th:assert}] [1550]: org.thymeleaf.standard.processor.StandardAssertTagProcessor
[THYMELEAF]             * [* {th:remove}] [1600]: org.thymeleaf.standard.processor.StandardRemoveTagProcessor
[THYMELEAF]             * [* {th:ref}] [10000]: org.thymeleaf.standard.processor.StandardRefAttributeTagProcessor
[THYMELEAF]             * [{th:block} *] [100000]: org.thymeleaf.standard.processor.StandardBlockTagProcessor
[THYMELEAF]             * [* th:*] [2147483647]: org.thymeleaf.standard.processor.StandardDefaultAttributesTagProcessor
[THYMELEAF]         * Text Processors by [precedence]:
[THYMELEAF]             * [1000]: org.thymeleaf.standard.processor.StandardInliningTextProcessor
[THYMELEAF]         * CDATA Section Processors by [precedence]:
[THYMELEAF]             * [1000]: org.thymeleaf.standard.processor.StandardInliningCDATASectionProcessor
[THYMELEAF]         * Comment Processors by [precedence]:
[THYMELEAF]             * [1000]: org.thymeleaf.standard.processor.StandardInliningCommentProcessor
[THYMELEAF]     * Processors for Template Mode: TEXT
[THYMELEAF]         * Element Tag Processors by [matching element and attribute name] [precedence]:
[THYMELEAF]             * [* {th:insert}] [100]: org.thymeleaf.standard.processor.StandardInsertTagProcessor
[THYMELEAF]             * [* {th:replace}] [100]: org.thymeleaf.standard.processor.StandardReplaceTagProcessor
[THYMELEAF]             * [* {th:each}] [200]: com.intuit.karate.template.KarateEachTagProcessor
[THYMELEAF]             * [* {th:switch}] [250]: org.thymeleaf.standard.processor.StandardSwitchTagProcessor
[THYMELEAF]             * [* {th:case}] [275]: org.thymeleaf.standard.processor.StandardCaseTagProcessor
[THYMELEAF]             * [* {th:if}] [300]: org.thymeleaf.standard.processor.StandardIfTagProcessor
[THYMELEAF]             * [* {th:unless}] [400]: org.thymeleaf.standard.processor.StandardUnlessTagProcessor
[THYMELEAF]             * [* {th:object}] [500]: org.thymeleaf.standard.processor.StandardObjectTagProcessor
[THYMELEAF]             * [* {th:with}] [600]: com.intuit.karate.template.KarateWithTagProcessor
[THYMELEAF]             * [* {th:inline}] [1000]: org.thymeleaf.standard.processor.StandardInlineTextualTagProcessor
[THYMELEAF]             * [* {th:text}] [1300]: org.thymeleaf.standard.processor.StandardTextTagProcessor
[THYMELEAF]             * [* {th:utext}] [1400]: org.thymeleaf.standard.processor.StandardUtextTagProcessor
[THYMELEAF]             * [* {th:assert}] [1550]: org.thymeleaf.standard.processor.StandardAssertTagProcessor
[THYMELEAF]             * [* {th:remove}] [1600]: org.thymeleaf.standard.processor.StandardRemoveTagProcessor
[THYMELEAF]             * [{th:block} *] [100000]: org.thymeleaf.standard.processor.StandardBlockTagProcessor
[THYMELEAF]             * [* 100000] [org.thymeleaf.standard.processor.StandardBlockTagProcessor]: {}
[THYMELEAF]         * Text Processors by [precedence]:
[THYMELEAF]             * [1000]: org.thymeleaf.standard.processor.StandardInliningTextProcessor
[THYMELEAF]     * Processors for Template Mode: JAVASCRIPT
[THYMELEAF]         * Element Tag Processors by [matching element and attribute name] [precedence]:
[THYMELEAF]             * [* {th:insert}] [100]: org.thymeleaf.standard.processor.StandardInsertTagProcessor
[THYMELEAF]             * [* {th:replace}] [100]: org.thymeleaf.standard.processor.StandardReplaceTagProcessor
[THYMELEAF]             * [* {th:each}] [200]: com.intuit.karate.template.KarateEachTagProcessor
[THYMELEAF]             * [* {th:switch}] [250]: org.thymeleaf.standard.processor.StandardSwitchTagProcessor
[THYMELEAF]             * [* {th:case}] [275]: org.thymeleaf.standard.processor.StandardCaseTagProcessor
[THYMELEAF]             * [* {th:if}] [300]: org.thymeleaf.standard.processor.StandardIfTagProcessor
[THYMELEAF]             * [* {th:unless}] [400]: org.thymeleaf.standard.processor.StandardUnlessTagProcessor
[THYMELEAF]             * [* {th:object}] [500]: org.thymeleaf.standard.processor.StandardObjectTagProcessor
[THYMELEAF]             * [* {th:with}] [600]: com.intuit.karate.template.KarateWithTagProcessor
[THYMELEAF]             * [* {th:inline}] [1000]: org.thymeleaf.standard.processor.StandardInlineTextualTagProcessor
[THYMELEAF]             * [* {th:text}] [1300]: org.thymeleaf.standard.processor.StandardTextTagProcessor
[THYMELEAF]             * [* {th:utext}] [1400]: org.thymeleaf.standard.processor.StandardUtextTagProcessor
[THYMELEAF]             * [* {th:assert}] [1550]: org.thymeleaf.standard.processor.StandardAssertTagProcessor
[THYMELEAF]             * [* {th:remove}] [1600]: org.thymeleaf.standard.processor.StandardRemoveTagProcessor
[THYMELEAF]             * [* 100000] [org.thymeleaf.standard.processor.StandardBlockTagProcessor]: {}
[THYMELEAF]             * [{th:block} *] [100000]: org.thymeleaf.standard.processor.StandardBlockTagProcessor
[THYMELEAF]         * Text Processors by [precedence]:
[THYMELEAF]             * [1000]: org.thymeleaf.standard.processor.StandardInliningTextProcessor
[THYMELEAF]     * Processors for Template Mode: CSS
[THYMELEAF]         * Element Tag Processors by [matching element and attribute name] [precedence]:
[THYMELEAF]             * [* {th:insert}] [100]: org.thymeleaf.standard.processor.StandardInsertTagProcessor
[THYMELEAF]             * [* {th:replace}] [100]: org.thymeleaf.standard.processor.StandardReplaceTagProcessor
[THYMELEAF]             * [* {th:each}] [200]: com.intuit.karate.template.KarateEachTagProcessor
[THYMELEAF]             * [* {th:switch}] [250]: org.thymeleaf.standard.processor.StandardSwitchTagProcessor
[THYMELEAF]             * [* {th:case}] [275]: org.thymeleaf.standard.processor.StandardCaseTagProcessor
[THYMELEAF]             * [* {th:if}] [300]: org.thymeleaf.standard.processor.StandardIfTagProcessor
[THYMELEAF]             * [* {th:unless}] [400]: org.thymeleaf.standard.processor.StandardUnlessTagProcessor
[THYMELEAF]             * [* {th:object}] [500]: org.thymeleaf.standard.processor.StandardObjectTagProcessor
[THYMELEAF]             * [* {th:with}] [600]: com.intuit.karate.template.KarateWithTagProcessor
[THYMELEAF]             * [* {th:inline}] [1000]: org.thymeleaf.standard.processor.StandardInlineTextualTagProcessor
[THYMELEAF]             * [* {th:text}] [1300]: org.thymeleaf.standard.processor.StandardTextTagProcessor
[THYMELEAF]             * [* {th:utext}] [1400]: org.thymeleaf.standard.processor.StandardUtextTagProcessor
[THYMELEAF]             * [* {th:assert}] [1550]: org.thymeleaf.standard.processor.StandardAssertTagProcessor
[THYMELEAF]             * [* {th:remove}] [1600]: org.thymeleaf.standard.processor.StandardRemoveTagProcessor
[THYMELEAF]             * [* 100000] [org.thymeleaf.standard.processor.StandardBlockTagProcessor]: {}
[THYMELEAF]             * [{th:block} *] [100000]: org.thymeleaf.standard.processor.StandardBlockTagProcessor
[THYMELEAF]         * Text Processors by [precedence]:
[THYMELEAF]             * [1000]: org.thymeleaf.standard.processor.StandardInliningTextProcessor
[THYMELEAF]     * Expression Objects:
[THYMELEAF]         * #ctx
[THYMELEAF]         * #root
[THYMELEAF]         * #vars
[THYMELEAF]         * #object
[THYMELEAF]         * #locale
[THYMELEAF]         * #conversions
[THYMELEAF]         * #uris
[THYMELEAF]         * #temporals
[THYMELEAF]         * #calendars
[THYMELEAF]         * #dates
[THYMELEAF]         * #bools
[THYMELEAF]         * #numbers
[THYMELEAF]         * #objects
[THYMELEAF]         * #strings
[THYMELEAF]         * #arrays
[THYMELEAF]         * #lists
[THYMELEAF]         * #sets
[THYMELEAF]         * #maps
[THYMELEAF]         * #aggregates
[THYMELEAF]         * #messages
[THYMELEAF]         * #ids
[THYMELEAF]         * #execInfo
[THYMELEAF]         * #request
[THYMELEAF]         * #response
[THYMELEAF]         * #session
[THYMELEAF]         * #servletContext
[THYMELEAF]     * Execution Attributes:
[THYMELEAF]         * "StandardExpressionParser": com.intuit.karate.template.KarateStandardDialect@78bad03b
[THYMELEAF]         * "StandardJavaScriptSerializer": org.thymeleaf.standard.serializer.StandardJavaScriptSerializer@1b1ea1d9
[THYMELEAF]         * "StandardCSSSerializer": org.thymeleaf.standard.serializer.StandardCSSSerializer@6a902015
[THYMELEAF]         * "StandardVariableExpressionEvaluator": com.intuit.karate.template.KarateStandardDialect@78bad03b
[THYMELEAF]         * "StandardConversionService": org.thymeleaf.standard.expression.StandardConversionService@55d99dc3
[THYMELEAF] * Dialect [2 of 2]: karate (com.intuit.karate.template.KarateScriptDialect)
[THYMELEAF]     * Prefix: "ka"
[THYMELEAF]     * Processors for Template Mode: HTML
[THYMELEAF]         * Element Tag Processors by [matching element and attribute name] [precedence]:
[THYMELEAF]             * [* {src}] [1000]: com.intuit.karate.template.KaScriptAttrProcessor
[THYMELEAF]         * Element Model Processors by [matching element and attribute name] [precedence]:
[THYMELEAF]             * [{script} {ka:scope,data-ka-scope}] [1000]: com.intuit.karate.template.KaScriptElemProcessor
[THYMELEAF]             * [* {ka:set,data-ka-set}] [1000]: com.intuit.karate.template.KaSetElemProcessor
[THYMELEAF] TEMPLATE ENGINE CONFIGURED OK
17:42:51.122 [main] DEBUG org.thymeleaf.TemplateEngine -- [THYMELEAF] TEMPLATE ENGINE INITIALIZED

HTML report: (paste into browser to view) | Karate version: 1.4.1
file:///C:/Users/User/AUTOMATIZACIONES/PruebaTecnicaSofkakarate/target/karate-reports/karate-summary.html
===================================================================

]]></system-out>
  </testcase>
</testsuite>